Step 1/2 : FROM jenkins/jenkins:lts
 ---> 95bf220e341a
Step 2/2 : ENV SNAPANONYM_DB_HOST=127.0.0.1    SNAPANONYM_DB_PORT=3306    SNAPANONYM_DB_NAME=snapanonyme    SNAPANONYM_DB_USER=snapanonyme    SNAPANONYM_DB_PASSWORD=snapanonyme
 ---> Using cache
 ---> 36f4fd1eb692
Successfully built 36f4fd1eb692
Successfully tagged snapanonyme_jenkins:latest
Step 1/11 : FROM openjdk:8-jre-alpine
 ---> f7a292bbb70c
Step 2/11 : ENV SPRING_OUTPUT_ANSI_ENABLED=ALWAYS     SLEEP=10    JAVA_OPTS="-Xmx512m -Xms256m"    SNAPANONYM_DB_HOST=127.0.0.1    SNAPANONYM_DB_PORT=3306    SNAPANONYM_DB_NAME=snapanonyme    SNAPANONYM_DB_USER=snapanonyme    SNAPANONYM_DB_PASSWORD=snapanonyme    SPRING_ACTIVE_PROFILES=prod
 ---> Using cache
 ---> bc9725be3825
Step 3/11 : RUN adduser -D -s /bin/sh snapanonyme
 ---> Using cache
 ---> 30fc13367258
Step 4/11 : WORKDIR /home/snapanonyme
 ---> Using cache
 ---> 4c7579c5168c
Step 5/11 : ADD target/snapanonyme.jar snapanonyme.jar
 ---> Using cache
 ---> 0288607f8be3
Step 6/11 : ADD entrypoint.sh entrypoint-dos.sh
 ---> Using cache
 ---> 26c47bc9ed25
Step 7/11 : RUN sed -e 's/\r$//' entrypoint-dos.sh > entrypoint.sh
 ---> Using cache
 ---> 5d2fa0756f74
Step 8/11 : RUN chmod 755 entrypoint.sh && chown snapanonyme:snapanonyme entrypoint.sh
 ---> Using cache
 ---> dfcd44c67071
Step 9/11 : USER snapanonyme
 ---> Using cache
 ---> f4e1a35a2cf7
Step 10/11 : EXPOSE 9010
 ---> Using cache
 ---> 2d8bd7ea7316
Step 11/11 : ENTRYPOINT ["./entrypoint.sh"]
 ---> Using cache
 ---> 47e4ee806b40
Successfully built 47e4ee806b40
Successfully tagged snapanonyme:latest
Attaching to snapanonyme_snapanonyme-mysql_1, jenkins, snapanonyme_snapanonyme-app_1
[36msnapanonyme-mysql_1  |[0m 2019-06-20T05:49:21.047992Z 0 [Warning] Changed limits: max_open_files: 1024 (requested 5000)
[36msnapanonyme-mysql_1  |[0m 2019-06-20T05:49:21.048055Z 0 [Warning] Changed limits: table_open_cache: 431 (requested 2000)
[36msnapanonyme-mysql_1  |[0m 2019-06-20T05:49:21.332210Z 0 [Note] mysqld (mysqld 5.7.20) starting as process 1 ...
[36msnapanonyme-mysql_1  |[0m 2019-06-20T05:49:21.343185Z 0 [Note] InnoDB: PUNCH HOLE support available
[36msnapanonyme-mysql_1  |[0m 2019-06-20T05:49:21.343202Z 0 [Note] InnoDB: Mutexes and rw_locks use GCC atomic builtins
[36msnapanonyme-mysql_1  |[0m 2019-06-20T05:49:21.343206Z 0 [Note] InnoDB: Uses event mutexes
[36msnapanonyme-mysql_1  |[0m 2019-06-20T05:49:21.343211Z 0 [Note] InnoDB: GCC builtin __atomic_thread_fence() is used for memory barrier
[36msnapanonyme-mysql_1  |[0m 2019-06-20T05:49:21.343215Z 0 [Note] InnoDB: Compressed tables use zlib 1.2.3
[36msnapanonyme-mysql_1  |[0m 2019-06-20T05:49:21.343218Z 0 [Note] InnoDB: Using Linux native AIO
[36msnapanonyme-mysql_1  |[0m 2019-06-20T05:49:21.343448Z 0 [Note] InnoDB: Number of pools: 1
[36msnapanonyme-mysql_1  |[0m 2019-06-20T05:49:21.352048Z 0 [Note] InnoDB: Using CPU crc32 instructions
[36msnapanonyme-mysql_1  |[0m 2019-06-20T05:49:21.364240Z 0 [Note] InnoDB: Initializing buffer pool, total size = 128M, instances = 1, chunk size = 128M
[32msnapanonyme-app_1    |[0m The application will start in 60s...
[36msnapanonyme-mysql_1  |[0m 2019-06-20T05:49:21.397608Z 0 [Note] InnoDB: Completed initialization of buffer pool
[36msnapanonyme-mysql_1  |[0m 2019-06-20T05:49:21.399958Z 0 [Note] InnoDB: If the mysqld execution user is authorized, page cleaner thread priority can be changed. See the man page of setpriority().
[36msnapanonyme-mysql_1  |[0m 2019-06-20T05:49:21.411668Z 0 [Note] InnoDB: Highest supported file format is Barracuda.
[36msnapanonyme-mysql_1  |[0m 2019-06-20T05:49:21.425342Z 0 [Note] InnoDB: Creating shared tablespace for temporary tables
[36msnapanonyme-mysql_1  |[0m 2019-06-20T05:49:21.426029Z 0 [Note] InnoDB: Setting file './ibtmp1' size to 12 MB. Physically writing the file full; Please wait ...
[36msnapanonyme-mysql_1  |[0m 2019-06-20T05:49:21.465442Z 0 [Note] InnoDB: File './ibtmp1' size is now 12 MB.
[36msnapanonyme-mysql_1  |[0m 2019-06-20T05:49:21.466835Z 0 [Note] InnoDB: 96 redo rollback segment(s) found. 96 redo rollback segment(s) are active.
[36msnapanonyme-mysql_1  |[0m 2019-06-20T05:49:21.467189Z 0 [Note] InnoDB: 32 non-redo rollback segment(s) are active.
[36msnapanonyme-mysql_1  |[0m 2019-06-20T05:49:21.467781Z 0 [Note] InnoDB: Waiting for purge to start
[36msnapanonyme-mysql_1  |[0m 2019-06-20T05:49:21.518264Z 0 [Note] InnoDB: 5.7.20 started; log sequence number 12156687
[36msnapanonyme-mysql_1  |[0m 2019-06-20T05:49:21.519123Z 0 [Note] Plugin 'FEDERATED' is disabled.
[36msnapanonyme-mysql_1  |[0m 2019-06-20T05:49:21.519694Z 0 [Note] InnoDB: Loading buffer pool(s) from /var/lib/mysql/ib_buffer_pool
[36msnapanonyme-mysql_1  |[0m 2019-06-20T05:49:21.528229Z 0 [Note] Server hostname (bind-address): '*'; port: 3306
[36msnapanonyme-mysql_1  |[0m 2019-06-20T05:49:21.528809Z 0 [Note] IPv6 is available.
[36msnapanonyme-mysql_1  |[0m 2019-06-20T05:49:21.529146Z 0 [Note]   - '::' resolves to '::';
[36msnapanonyme-mysql_1  |[0m 2019-06-20T05:49:21.529612Z 0 [Note] Server socket created on IP: '::'.
[36msnapanonyme-mysql_1  |[0m 2019-06-20T05:49:21.532327Z 0 [Warning] 'user' entry 'root@localhost' ignored in --skip-name-resolve mode.
[36msnapanonyme-mysql_1  |[0m 2019-06-20T05:49:21.532712Z 0 [Warning] 'user' entry 'mysql.session@localhost' ignored in --skip-name-resolve mode.
[36msnapanonyme-mysql_1  |[0m 2019-06-20T05:49:21.533059Z 0 [Warning] 'user' entry 'mysql.sys@localhost' ignored in --skip-name-resolve mode.
[36msnapanonyme-mysql_1  |[0m 2019-06-20T05:49:21.533411Z 0 [Warning] 'db' entry 'performance_schema mysql.session@localhost' ignored in --skip-name-resolve mode.
[36msnapanonyme-mysql_1  |[0m 2019-06-20T05:49:21.533728Z 0 [Warning] 'db' entry 'sys mysql.sys@localhost' ignored in --skip-name-resolve mode.
[36msnapanonyme-mysql_1  |[0m 2019-06-20T05:49:21.534068Z 0 [Warning] 'proxies_priv' entry '@ root@localhost' ignored in --skip-name-resolve mode.
[36msnapanonyme-mysql_1  |[0m 2019-06-20T05:49:21.556145Z 0 [Note] InnoDB: Buffer pool(s) load completed at 190620  5:49:21
[36msnapanonyme-mysql_1  |[0m 2019-06-20T05:49:21.559120Z 0 [Warning] 'tables_priv' entry 'user mysql.session@localhost' ignored in --skip-name-resolve mode.
[36msnapanonyme-mysql_1  |[0m 2019-06-20T05:49:21.559479Z 0 [Warning] 'tables_priv' entry 'sys_config mysql.sys@localhost' ignored in --skip-name-resolve mode.
[36msnapanonyme-mysql_1  |[0m 2019-06-20T05:49:21.568760Z 0 [Note] Event Scheduler: Loaded 0 events
[36msnapanonyme-mysql_1  |[0m 2019-06-20T05:49:21.569379Z 0 [Note] mysqld: ready for connections.
[36msnapanonyme-mysql_1  |[0m Version: '5.7.20'  socket: '/var/run/mysqld/mysqld.sock'  port: 3306  MySQL Community Server (GPL)
[36msnapanonyme-mysql_1  |[0m 2019-06-20T05:49:21.569769Z 0 [Note] Executing 'SELECT * FROM INFORMATION_SCHEMA.TABLES;' to get a list of tables using the deprecated partition engine. You may use the startup option '--disable-partition-engine-check' to skip this check. 
[36msnapanonyme-mysql_1  |[0m 2019-06-20T05:49:21.570099Z 0 [Note] Beginning of list of non-natively partitioned tables
[36msnapanonyme-mysql_1  |[0m 2019-06-20T05:49:21.587031Z 0 [Note] End of list of non-natively partitioned tables
[33mjenkins              |[0m Running from: /usr/share/jenkins/jenkins.war
[33mjenkins              |[0m webroot: EnvVars.masterEnvVars.get("JENKINS_HOME")
[33mjenkins              |[0m Jun 20, 2019 5:49:22 AM org.eclipse.jetty.util.log.Log initialized
[33mjenkins              |[0m INFO: Logging initialized @1275ms to org.eclipse.jetty.util.log.JavaUtilLog
[33mjenkins              |[0m Jun 20, 2019 5:49:22 AM winstone.Logger logInternal
[33mjenkins              |[0m INFO: Beginning extraction from war file
[33mjenkins              |[0m Jun 20, 2019 5:49:22 AM org.eclipse.jetty.server.handler.ContextHandler setContextPath
[33mjenkins              |[0m WARNING: Empty contextPath
[33mjenkins              |[0m Jun 20, 2019 5:49:22 AM org.eclipse.jetty.server.Server doStart
[33mjenkins              |[0m INFO: jetty-9.4.z-SNAPSHOT; built: 2019-02-15T16:53:49.381Z; git: eb70b240169fcf1abbd86af36482d1c49826fa0b; jvm 1.8.0_212-b04
[33mjenkins              |[0m Jun 20, 2019 5:49:23 AM org.eclipse.jetty.webapp.StandardDescriptorProcessor visitServlet
[33mjenkins              |[0m INFO: NO JSP Support for /, did not find org.eclipse.jetty.jsp.JettyJspServlet
[33mjenkins              |[0m Jun 20, 2019 5:49:23 AM org.eclipse.jetty.server.session.DefaultSessionIdManager doStart
[33mjenkins              |[0m INFO: DefaultSessionIdManager workerName=node0
[33mjenkins              |[0m Jun 20, 2019 5:49:23 AM org.eclipse.jetty.server.session.DefaultSessionIdManager doStart
[33mjenkins              |[0m INFO: No SessionScavenger set, using defaults
[33mjenkins              |[0m Jun 20, 2019 5:49:23 AM org.eclipse.jetty.server.session.HouseKeeper startScavenging
[33mjenkins              |[0m INFO: node0 Scavenging every 600000ms
[33mjenkins              |[0m Jenkins home directory: /var/jenkins_home found at: EnvVars.masterEnvVars.get("JENKINS_HOME")
[33mjenkins              |[0m Jun 20, 2019 5:49:24 AM org.eclipse.jetty.server.handler.ContextHandler doStart
[33mjenkins              |[0m INFO: Started w.@d23e042{Jenkins v2.176.1,/,file:///var/jenkins_home/war/,AVAILABLE}{/var/jenkins_home/war}
[33mjenkins              |[0m Jun 20, 2019 5:49:24 AM org.eclipse.jetty.server.AbstractConnector doStart
[33mjenkins              |[0m INFO: Started ServerConnector@292995b8{HTTP/1.1,[http/1.1]}{0.0.0.0:8080}
[33mjenkins              |[0m Jun 20, 2019 5:49:24 AM org.eclipse.jetty.server.Server doStart
[33mjenkins              |[0m INFO: Started @3623ms
[33mjenkins              |[0m Jun 20, 2019 5:49:24 AM winstone.Logger logInternal
[33mjenkins              |[0m INFO: Winstone Servlet Engine v4.0 running: controlPort=disabled
[33mjenkins              |[0m Jun 20, 2019 5:49:26 AM jenkins.InitReactorRunner$1 onAttained
[33mjenkins              |[0m INFO: Started initialization
[33mjenkins              |[0m Jun 20, 2019 5:49:26 AM jenkins.InitReactorRunner$1 onAttained
[33mjenkins              |[0m INFO: Listed all plugins
[33mjenkins              |[0m Jun 20, 2019 5:49:28 AM jenkins.InitReactorRunner$1 onAttained
[33mjenkins              |[0m INFO: Prepared all plugins
[33mjenkins              |[0m Jun 20, 2019 5:49:28 AM jenkins.InitReactorRunner$1 onAttained
[33mjenkins              |[0m INFO: Started all plugins
[33mjenkins              |[0m Jun 20, 2019 5:49:29 AM jenkins.InitReactorRunner$1 onAttained
[33mjenkins              |[0m INFO: Augmented all extensions
[33mjenkins              |[0m Jun 20, 2019 5:49:29 AM jenkins.InitReactorRunner$1 onAttained
[33mjenkins              |[0m INFO: Loaded all jobs
[33mjenkins              |[0m Jun 20, 2019 5:49:29 AM hudson.model.AsyncPeriodicWork$1 run
[33mjenkins              |[0m INFO: Started Download metadata
[33mjenkins              |[0m Jun 20, 2019 5:49:29 AM hudson.model.AsyncPeriodicWork$1 run
[33mjenkins              |[0m INFO: Finished Download metadata. 23 ms
[33mjenkins              |[0m Jun 20, 2019 5:49:31 AM org.springframework.context.support.AbstractApplicationContext prepareRefresh
[33mjenkins              |[0m INFO: Refreshing org.springframework.web.context.support.StaticWebApplicationContext@26bc839c: display name [Root WebApplicationContext]; startup date [Thu Jun 20 05:49:31 UTC 2019]; root of context hierarchy
[33mjenkins              |[0m Jun 20, 2019 5:49:31 AM org.springframework.context.support.AbstractApplicationContext obtainFreshBeanFactory
[33mjenkins              |[0m INFO: Bean factory for application context [org.springframework.web.context.support.StaticWebApplicationContext@26bc839c]: org.springframework.beans.factory.support.DefaultListableBeanFactory@5d1686e2
[33mjenkins              |[0m Jun 20, 2019 5:49:31 AM org.springframework.beans.factory.support.DefaultListableBeanFactory preInstantiateSingletons
[33mjenkins              |[0m INFO: Pre-instantiating singletons in org.springframework.beans.factory.support.DefaultListableBeanFactory@5d1686e2: defining beans [authenticationManager]; root of factory hierarchy
[33mjenkins              |[0m Jun 20, 2019 5:49:31 AM org.springframework.context.support.AbstractApplicationContext prepareRefresh
[33mjenkins              |[0m INFO: Refreshing org.springframework.web.context.support.StaticWebApplicationContext@440bdca2: display name [Root WebApplicationContext]; startup date [Thu Jun 20 05:49:31 UTC 2019]; root of context hierarchy
[33mjenkins              |[0m Jun 20, 2019 5:49:31 AM org.springframework.context.support.AbstractApplicationContext obtainFreshBeanFactory
[33mjenkins              |[0m INFO: Bean factory for application context [org.springframework.web.context.support.StaticWebApplicationContext@440bdca2]: org.springframework.beans.factory.support.DefaultListableBeanFactory@5b6b6824
[33mjenkins              |[0m Jun 20, 2019 5:49:31 AM org.springframework.beans.factory.support.DefaultListableBeanFactory preInstantiateSingletons
[33mjenkins              |[0m INFO: Pre-instantiating singletons in org.springframework.beans.factory.support.DefaultListableBeanFactory@5b6b6824: defining beans [filter,legacy]; root of factory hierarchy
[33mjenkins              |[0m Jun 20, 2019 5:49:31 AM jenkins.InitReactorRunner$1 onAttained
[33mjenkins              |[0m INFO: Completed initialization
[33mjenkins              |[0m Jun 20, 2019 5:49:31 AM hudson.WebAppMain$3 run
[33mjenkins              |[0m INFO: Jenkins is fully up and running
[32msnapanonyme-app_1    |[0m 
[32msnapanonyme-app_1    |[0m   .   ____          _            __ _ _
[32msnapanonyme-app_1    |[0m  /\\ / ___'_ __ _ _(_)_ __  __ _ \ \ \ \
[32msnapanonyme-app_1    |[0m ( ( )\___ | '_ | '_| | '_ \/ _` | \ \ \ \
[32msnapanonyme-app_1    |[0m  \\/  ___)| |_)| | | | | || (_| |  ) ) ) )
[32msnapanonyme-app_1    |[0m   '  |____| .__|_| |_|_| |_\__, | / / / /
[32msnapanonyme-app_1    |[0m  =========|_|==============|___/=/_/_/_/
[32msnapanonyme-app_1    |[0m [32m :: Spring Boot :: [39m      [2m (v2.1.2.RELEASE)[0;39m
[32msnapanonyme-app_1    |[0m 
[32msnapanonyme-app_1    |[0m [30m2019-06-20 05:50:25,001[0;39m [34mINFO [0;39m [[34mmain[0;39m] [33morg.springframework.boot.StartupInfoLogger[0;39m: Starting SnapanonymeApplication v0.0.1-SNAPSHOT on 416eb2a25eb7 with PID 1 (/home/snapanonyme/snapanonyme.jar started by snapanonyme in /home/snapanonyme)
[32msnapanonyme-app_1    |[0m [30m2019-06-20 05:50:25,021[0;39m [39mDEBUG[0;39m [[34mmain[0;39m] [33morg.springframework.boot.StartupInfoLogger[0;39m: Running with Spring Boot v2.1.2.RELEASE, Spring v5.1.4.RELEASE
[32msnapanonyme-app_1    |[0m [30m2019-06-20 05:50:25,022[0;39m [34mINFO [0;39m [[34mmain[0;39m] [33morg.springframework.boot.SpringApplication[0;39m: The following profiles are active: prod
[32msnapanonyme-app_1    |[0m [2m2019-06-20 05:50:32.656[0;39m [31mERROR[0;39m [35m1[0;39m [2m---[0;39m [2m[           main][0;39m [36mcom.zaxxer.hikari.pool.HikariPool       [0;39m [2m:[0;39m HikariPool-1 - Exception during pool initialization.
[32msnapanonyme-app_1    |[0m 
[32msnapanonyme-app_1    |[0m com.mysql.cj.jdbc.exceptions.CommunicationsException: Communications link failure
[32msnapanonyme-app_1    |[0m 
[32msnapanonyme-app_1    |[0m The last packet sent successfully to the server was 0 milliseconds ago. The driver has not received any packets from the server.
[32msnapanonyme-app_1    |[0m 	at com.mysql.cj.jdbc.exceptions.SQLError.createCommunicationsException(SQLError.java:174)
[32msnapanonyme-app_1    |[0m 	at com.mysql.cj.jdbc.exceptions.SQLExceptionsMapping.translateException(SQLExceptionsMapping.java:64)
[32msnapanonyme-app_1    |[0m 	at com.mysql.cj.jdbc.ConnectionImpl.createNewIO(ConnectionImpl.java:835)
[32msnapanonyme-app_1    |[0m 	at com.mysql.cj.jdbc.ConnectionImpl.<init>(ConnectionImpl.java:455)
[32msnapanonyme-app_1    |[0m 	at com.mysql.cj.jdbc.ConnectionImpl.getInstance(ConnectionImpl.java:240)
[32msnapanonyme-app_1    |[0m 	at com.mysql.cj.jdbc.NonRegisteringDriver.connect(NonRegisteringDriver.java:207)
[32msnapanonyme-app_1    |[0m 	at com.zaxxer.hikari.util.DriverDataSource.getConnection(DriverDataSource.java:136)
[32msnapanonyme-app_1    |[0m 	at com.zaxxer.hikari.pool.PoolBase.newConnection(PoolBase.java:369)
[32msnapanonyme-app_1    |[0m 	at com.zaxxer.hikari.pool.PoolBase.newPoolEntry(PoolBase.java:198)
[32msnapanonyme-app_1    |[0m 	at com.zaxxer.hikari.pool.HikariPool.createPoolEntry(HikariPool.java:467)
[32msnapanonyme-app_1    |[0m 	at com.zaxxer.hikari.pool.HikariPool.checkFailFast(HikariPool.java:541)
[32msnapanonyme-app_1    |[0m 	at com.zaxxer.hikari.pool.HikariPool.<init>(HikariPool.java:115)
[32msnapanonyme-app_1    |[0m 	at com.zaxxer.hikari.HikariDataSource.getConnection(HikariDataSource.java:112)
[32msnapanonyme-app_1    |[0m 	at org.springframework.jdbc.datasource.DataSourceUtils.fetchConnection(DataSourceUtils.java:157)
[32msnapanonyme-app_1    |[0m 	at org.springframework.jdbc.datasource.DataSourceUtils.doGetConnection(DataSourceUtils.java:115)
[32msnapanonyme-app_1    |[0m 	at org.springframework.jdbc.datasource.DataSourceUtils.getConnection(DataSourceUtils.java:78)
[32msnapanonyme-app_1    |[0m 	at org.springframework.jdbc.support.JdbcUtils.extractDatabaseMetaData(JdbcUtils.java:319)
[32msnapanonyme-app_1    |[0m 	at org.springframework.jdbc.support.JdbcUtils.extractDatabaseMetaData(JdbcUtils.java:356)
[32msnapanonyme-app_1    |[0m 	at org.springframework.boot.autoconfigure.orm.jpa.DatabaseLookup.getDatabase(DatabaseLookup.java:73)
[32msnapanonyme-app_1    |[0m 	at org.springframework.boot.autoconfigure.orm.jpa.JpaProperties.determineDatabase(JpaProperties.java:142)
[32msnapanonyme-app_1    |[0m 	at org.springframework.boot.autoconfigure.orm.jpa.JpaBaseConfiguration.jpaVendorAdapter(JpaBaseConfiguration.java:112)
[32msnapanonyme-app_1    |[0m 	at org.springframework.boot.autoconfigure.orm.jpa.HibernateJpaConfiguration$$EnhancerBySpringCGLIB$$1f7398ce.CGLIB$jpaVendorAdapter$7(<generated>)
[32msnapanonyme-app_1    |[0m 	at org.springframework.boot.autoconfigure.orm.jpa.HibernateJpaConfiguration$$EnhancerBySpringCGLIB$$1f7398ce$$FastClassBySpringCGLIB$$d4f848e1.invoke(<generated>)
[32msnapanonyme-app_1    |[0m 	at org.springframework.cglib.proxy.MethodProxy.invokeSuper(MethodProxy.java:244)
[32msnapanonyme-app_1    |[0m 	at org.springframework.context.annotation.ConfigurationClassEnhancer$BeanMethodInterceptor.intercept(ConfigurationClassEnhancer.java:363)
[32msnapanonyme-app_1    |[0m 	at org.springframework.boot.autoconfigure.orm.jpa.HibernateJpaConfiguration$$EnhancerBySpringCGLIB$$1f7398ce.jpaVendorAdapter(<generated>)
[32msnapanonyme-app_1    |[0m 	at sun.reflect.NativeMethodAccessorImpl.invoke0(Native Method)
[32msnapanonyme-app_1    |[0m 	at sun.reflect.NativeMethodAccessorImpl.invoke(NativeMethodAccessorImpl.java:62)
[32msnapanonyme-app_1    |[0m 	at sun.reflect.DelegatingMethodAccessorImpl.invoke(DelegatingMethodAccessorImpl.java:43)
[32msnapanonyme-app_1    |[0m 	at java.lang.reflect.Method.invoke(Method.java:498)
[32msnapanonyme-app_1    |[0m 	at org.springframework.beans.factory.support.SimpleInstantiationStrategy.instantiate(SimpleInstantiationStrategy.java:154)
[32msnapanonyme-app_1    |[0m 	at org.springframework.beans.factory.support.ConstructorResolver.instantiate(ConstructorResolver.java:622)
[32msnapanonyme-app_1    |[0m 	at org.springframework.beans.factory.support.ConstructorResolver.instantiateUsingFactoryMethod(ConstructorResolver.java:456)
[32msnapanonyme-app_1    |[0m 	at org.springframework.beans.factory.support.AbstractAutowireCapableBeanFactory.instantiateUsingFactoryMethod(AbstractAutowireCapableBeanFactory.java:1288)
[32msnapanonyme-app_1    |[0m 	at org.springframework.beans.factory.support.AbstractAutowireCapableBeanFactory.createBeanInstance(AbstractAutowireCapableBeanFactory.java:1127)
[32msnapanonyme-app_1    |[0m 	at org.springframework.beans.factory.support.AbstractAutowireCapableBeanFactory.doCreateBean(AbstractAutowireCapableBeanFactory.java:538)
[32msnapanonyme-app_1    |[0m 	at org.springframework.beans.factory.support.AbstractAutowireCapableBeanFactory.createBean(AbstractAutowireCapableBeanFactory.java:498)
[32msnapanonyme-app_1    |[0m 	at org.springframework.beans.factory.support.AbstractBeanFactory.lambda$doGetBean$0(AbstractBeanFactory.java:320)
[32msnapanonyme-app_1    |[0m 	at org.springframework.beans.factory.support.DefaultSingletonBeanRegistry.getSingleton(DefaultSingletonBeanRegistry.java:222)
[32msnapanonyme-app_1    |[0m 	at org.springframework.beans.factory.support.AbstractBeanFactory.doGetBean(AbstractBeanFactory.java:318)
[32msnapanonyme-app_1    |[0m 	at org.springframework.beans.factory.support.AbstractBeanFactory.getBean(AbstractBeanFactory.java:199)
[32msnapanonyme-app_1    |[0m 	at org.springframework.beans.factory.config.DependencyDescriptor.resolveCandidate(DependencyDescriptor.java:277)
[32msnapanonyme-app_1    |[0m 	at org.springframework.beans.factory.support.DefaultListableBeanFactory.doResolveDependency(DefaultListableBeanFactory.java:1244)
[32msnapanonyme-app_1    |[0m 	at org.springframework.beans.factory.support.DefaultListableBeanFactory.resolveDependency(DefaultListableBeanFactory.java:1164)
[32msnapanonyme-app_1    |[0m 	at org.springframework.beans.factory.support.ConstructorResolver.resolveAutowiredArgument(ConstructorResolver.java:857)
[32msnapanonyme-app_1    |[0m 	at org.springframework.beans.factory.support.ConstructorResolver.createArgumentArray(ConstructorResolver.java:760)
[32msnapanonyme-app_1    |[0m 	at org.springframework.beans.factory.support.ConstructorResolver.instantiateUsingFactoryMethod(ConstructorResolver.java:509)
[32msnapanonyme-app_1    |[0m 	at org.springframework.beans.factory.support.AbstractAutowireCapableBeanFactory.instantiateUsingFactoryMethod(AbstractAutowireCapableBeanFactory.java:1288)
[32msnapanonyme-app_1    |[0m 	at org.springframework.beans.factory.support.AbstractAutowireCapableBeanFactory.createBeanInstance(AbstractAutowireCapableBeanFactory.java:1127)
[32msnapanonyme-app_1    |[0m 	at org.springframework.beans.factory.support.AbstractAutowireCapableBeanFactory.doCreateBean(AbstractAutowireCapableBeanFactory.java:538)
[32msnapanonyme-app_1    |[0m 	at org.springframework.beans.factory.support.AbstractAutowireCapableBeanFactory.createBean(AbstractAutowireCapableBeanFactory.java:498)
[32msnapanonyme-app_1    |[0m 	at org.springframework.beans.factory.support.AbstractBeanFactory.lambda$doGetBean$0(AbstractBeanFactory.java:320)
[32msnapanonyme-app_1    |[0m 	at org.springframework.beans.factory.support.DefaultSingletonBeanRegistry.getSingleton(DefaultSingletonBeanRegistry.java:222)
[32msnapanonyme-app_1    |[0m 	at org.springframework.beans.factory.support.AbstractBeanFactory.doGetBean(AbstractBeanFactory.java:318)
[32msnapanonyme-app_1    |[0m 	at org.springframework.beans.factory.support.AbstractBeanFactory.getBean(AbstractBeanFactory.java:199)
[32msnapanonyme-app_1    |[0m 	at org.springframework.beans.factory.config.DependencyDescriptor.resolveCandidate(DependencyDescriptor.java:277)
[32msnapanonyme-app_1    |[0m 	at org.springframework.beans.factory.support.DefaultListableBeanFactory.doResolveDependency(DefaultListableBeanFactory.java:1244)
[32msnapanonyme-app_1    |[0m 	at org.springframework.beans.factory.support.DefaultListableBeanFactory.resolveDependency(DefaultListableBeanFactory.java:1164)
[32msnapanonyme-app_1    |[0m 	at org.springframework.beans.factory.support.ConstructorResolver.resolveAutowiredArgument(ConstructorResolver.java:857)
[32msnapanonyme-app_1    |[0m 	at org.springframework.beans.factory.support.ConstructorResolver.createArgumentArray(ConstructorResolver.java:760)
[32msnapanonyme-app_1    |[0m 	at org.springframework.beans.factory.support.ConstructorResolver.instantiateUsingFactoryMethod(ConstructorResolver.java:509)
[32msnapanonyme-app_1    |[0m 	at org.springframework.beans.factory.support.AbstractAutowireCapableBeanFactory.instantiateUsingFactoryMethod(AbstractAutowireCapableBeanFactory.java:1288)
[32msnapanonyme-app_1    |[0m 	at org.springframework.beans.factory.support.AbstractAutowireCapableBeanFactory.createBeanInstance(AbstractAutowireCapableBeanFactory.java:1127)
[32msnapanonyme-app_1    |[0m 	at org.springframework.beans.factory.support.AbstractAutowireCapableBeanFactory.doCreateBean(AbstractAutowireCapableBeanFactory.java:538)
[32msnapanonyme-app_1    |[0m 	at org.springframework.beans.factory.support.AbstractAutowireCapableBeanFactory.createBean(AbstractAutowireCapableBeanFactory.java:498)
[32msnapanonyme-app_1    |[0m 	at org.springframework.beans.factory.support.AbstractBeanFactory.lambda$doGetBean$0(AbstractBeanFactory.java:320)
[32msnapanonyme-app_1    |[0m 	at org.springframework.beans.factory.support.DefaultSingletonBeanRegistry.getSingleton(DefaultSingletonBeanRegistry.java:222)
[32msnapanonyme-app_1    |[0m 	at org.springframework.beans.factory.support.AbstractBeanFactory.doGetBean(AbstractBeanFactory.java:318)
[32msnapanonyme-app_1    |[0m 	at org.springframework.beans.factory.support.AbstractBeanFactory.getBean(AbstractBeanFactory.java:199)
[32msnapanonyme-app_1    |[0m 	at org.springframework.context.support.AbstractApplicationContext.getBean(AbstractApplicationContext.java:1083)
[32msnapanonyme-app_1    |[0m 	at org.springframework.context.support.AbstractApplicationContext.finishBeanFactoryInitialization(AbstractApplicationContext.java:853)
[32msnapanonyme-app_1    |[0m 	at org.springframework.context.support.AbstractApplicationContext.refresh(AbstractApplicationContext.java:546)
[32msnapanonyme-app_1    |[0m 	at org.springframework.boot.web.servlet.context.ServletWebServerApplicationContext.refresh(ServletWebServerApplicationContext.java:142)
[32msnapanonyme-app_1    |[0m 	at org.springframework.boot.SpringApplication.refresh(SpringApplication.java:775)
[32msnapanonyme-app_1    |[0m 	at org.springframework.boot.SpringApplication.refreshContext(SpringApplication.java:397)
[32msnapanonyme-app_1    |[0m 	at org.springframework.boot.SpringApplication.run(SpringApplication.java:316)
[32msnapanonyme-app_1    |[0m 	at org.springframework.boot.SpringApplication.run(SpringApplication.java:1260)
[32msnapanonyme-app_1    |[0m 	at org.springframework.boot.SpringApplication.run(SpringApplication.java:1248)
[32msnapanonyme-app_1    |[0m 	at com.zerofiltre.snapanonyme.SnapanonymeApplication.main(SnapanonymeApplication.java:13)
[32msnapanonyme-app_1    |[0m 	at sun.reflect.NativeMethodAccessorImpl.invoke0(Native Method)
[32msnapanonyme-app_1    |[0m 	at sun.reflect.NativeMethodAccessorImpl.invoke(NativeMethodAccessorImpl.java:62)
[32msnapanonyme-app_1    |[0m 	at sun.reflect.DelegatingMethodAccessorImpl.invoke(DelegatingMethodAccessorImpl.java:43)
[32msnapanonyme-app_1    |[0m 	at java.lang.reflect.Method.invoke(Method.java:498)
[32msnapanonyme-app_1    |[0m 	at org.springframework.boot.loader.MainMethodRunner.run(MainMethodRunner.java:48)
[32msnapanonyme-app_1    |[0m 	at org.springframework.boot.loader.Launcher.launch(Launcher.java:87)
[32msnapanonyme-app_1    |[0m 	at org.springframework.boot.loader.Launcher.launch(Launcher.java:50)
[32msnapanonyme-app_1    |[0m 	at org.springframework.boot.loader.JarLauncher.main(JarLauncher.java:51)
[32msnapanonyme-app_1    |[0m Caused by: com.mysql.cj.exceptions.CJCommunicationsException: Communications link failure
[32msnapanonyme-app_1    |[0m 
[32msnapanonyme-app_1    |[0m The last packet sent successfully to the server was 0 milliseconds ago. The driver has not received any packets from the server.
[32msnapanonyme-app_1    |[0m 	at sun.reflect.NativeConstructorAccessorImpl.newInstance0(Native Method)
[32msnapanonyme-app_1    |[0m 	at sun.reflect.NativeConstructorAccessorImpl.newInstance(NativeConstructorAccessorImpl.java:62)
[32msnapanonyme-app_1    |[0m 	at sun.reflect.DelegatingConstructorAccessorImpl.newInstance(DelegatingConstructorAccessorImpl.java:45)
[32msnapanonyme-app_1    |[0m 	at java.lang.reflect.Constructor.newInstance(Constructor.java:423)
[32msnapanonyme-app_1    |[0m 	at com.mysql.cj.exceptions.ExceptionFactory.createException(ExceptionFactory.java:61)
[32msnapanonyme-app_1    |[0m 	at com.mysql.cj.exceptions.ExceptionFactory.createException(ExceptionFactory.java:105)
[32msnapanonyme-app_1    |[0m 	at com.mysql.cj.exceptions.ExceptionFactory.createException(ExceptionFactory.java:151)
[32msnapanonyme-app_1    |[0m 	at com.mysql.cj.exceptions.ExceptionFactory.createCommunicationsException(ExceptionFactory.java:167)
[32msnapanonyme-app_1    |[0m 	at com.mysql.cj.protocol.a.NativeSocketConnection.connect(NativeSocketConnection.java:91)
[32msnapanonyme-app_1    |[0m 	at com.mysql.cj.NativeSession.connect(NativeSession.java:152)
[32msnapanonyme-app_1    |[0m 	at com.mysql.cj.jdbc.ConnectionImpl.connectOneTryOnly(ConnectionImpl.java:955)
[32msnapanonyme-app_1    |[0m 	at com.mysql.cj.jdbc.ConnectionImpl.createNewIO(ConnectionImpl.java:825)
[32msnapanonyme-app_1    |[0m 	... 84 common frames omitted
[32msnapanonyme-app_1    |[0m Caused by: java.net.ConnectException: Connection refused (Connection refused)
[32msnapanonyme-app_1    |[0m 	at java.net.PlainSocketImpl.socketConnect(Native Method)
[32msnapanonyme-app_1    |[0m 	at java.net.AbstractPlainSocketImpl.doConnect(AbstractPlainSocketImpl.java:350)
[32msnapanonyme-app_1    |[0m 	at java.net.AbstractPlainSocketImpl.connectToAddress(AbstractPlainSocketImpl.java:206)
[32msnapanonyme-app_1    |[0m 	at java.net.AbstractPlainSocketImpl.connect(AbstractPlainSocketImpl.java:188)
[32msnapanonyme-app_1    |[0m 	at java.net.SocksSocketImpl.connect(SocksSocketImpl.java:392)
[32msnapanonyme-app_1    |[0m 	at java.net.Socket.connect(Socket.java:589)
[32msnapanonyme-app_1    |[0m 	at com.mysql.cj.protocol.StandardSocketFactory.connect(StandardSocketFactory.java:155)
[32msnapanonyme-app_1    |[0m 	at com.mysql.cj.protocol.a.NativeSocketConnection.connect(NativeSocketConnection.java:65)
[32msnapanonyme-app_1    |[0m 	... 87 common frames omitted
[32msnapanonyme-app_1    |[0m 
[32msnapanonyme-app_1    |[0m [2m2019-06-20 05:50:32.668[0;39m [33m WARN[0;39m [35m1[0;39m [2m---[0;39m [2m[           main][0;39m [36mo.s.b.a.orm.jpa.DatabaseLookup          [0;39m [2m:[0;39m Unable to determine jdbc url from datasource
[32msnapanonyme-app_1    |[0m 
[32msnapanonyme-app_1    |[0m org.springframework.jdbc.support.MetaDataAccessException: Could not get Connection for extracting meta-data; nested exception is org.springframework.jdbc.CannotGetJdbcConnectionException: Failed to obtain JDBC Connection; nested exception is com.mysql.cj.jdbc.exceptions.CommunicationsException: Communications link failure
[32msnapanonyme-app_1    |[0m 
[32msnapanonyme-app_1    |[0m The last packet sent successfully to the server was 0 milliseconds ago. The driver has not received any packets from the server.
[32msnapanonyme-app_1    |[0m 	at org.springframework.jdbc.support.JdbcUtils.extractDatabaseMetaData(JdbcUtils.java:328)
[32msnapanonyme-app_1    |[0m 	at org.springframework.jdbc.support.JdbcUtils.extractDatabaseMetaData(JdbcUtils.java:356)
[32msnapanonyme-app_1    |[0m 	at org.springframework.boot.autoconfigure.orm.jpa.DatabaseLookup.getDatabase(DatabaseLookup.java:73)
[32msnapanonyme-app_1    |[0m 	at org.springframework.boot.autoconfigure.orm.jpa.JpaProperties.determineDatabase(JpaProperties.java:142)
[32msnapanonyme-app_1    |[0m 	at org.springframework.boot.autoconfigure.orm.jpa.JpaBaseConfiguration.jpaVendorAdapter(JpaBaseConfiguration.java:112)
[32msnapanonyme-app_1    |[0m 	at org.springframework.boot.autoconfigure.orm.jpa.HibernateJpaConfiguration$$EnhancerBySpringCGLIB$$1f7398ce.CGLIB$jpaVendorAdapter$7(<generated>)
[32msnapanonyme-app_1    |[0m 	at org.springframework.boot.autoconfigure.orm.jpa.HibernateJpaConfiguration$$EnhancerBySpringCGLIB$$1f7398ce$$FastClassBySpringCGLIB$$d4f848e1.invoke(<generated>)
[32msnapanonyme-app_1    |[0m 	at org.springframework.cglib.proxy.MethodProxy.invokeSuper(MethodProxy.java:244)
[32msnapanonyme-app_1    |[0m 	at org.springframework.context.annotation.ConfigurationClassEnhancer$BeanMethodInterceptor.intercept(ConfigurationClassEnhancer.java:363)
[32msnapanonyme-app_1    |[0m 	at org.springframework.boot.autoconfigure.orm.jpa.HibernateJpaConfiguration$$EnhancerBySpringCGLIB$$1f7398ce.jpaVendorAdapter(<generated>)
[32msnapanonyme-app_1    |[0m 	at sun.reflect.NativeMethodAccessorImpl.invoke0(Native Method)
[32msnapanonyme-app_1    |[0m 	at sun.reflect.NativeMethodAccessorImpl.invoke(NativeMethodAccessorImpl.java:62)
[32msnapanonyme-app_1    |[0m 	at sun.reflect.DelegatingMethodAccessorImpl.invoke(DelegatingMethodAccessorImpl.java:43)
[32msnapanonyme-app_1    |[0m 	at java.lang.reflect.Method.invoke(Method.java:498)
[32msnapanonyme-app_1    |[0m 	at org.springframework.beans.factory.support.SimpleInstantiationStrategy.instantiate(SimpleInstantiationStrategy.java:154)
[32msnapanonyme-app_1    |[0m 	at org.springframework.beans.factory.support.ConstructorResolver.instantiate(ConstructorResolver.java:622)
[32msnapanonyme-app_1    |[0m 	at org.springframework.beans.factory.support.ConstructorResolver.instantiateUsingFactoryMethod(ConstructorResolver.java:456)
[32msnapanonyme-app_1    |[0m 	at org.springframework.beans.factory.support.AbstractAutowireCapableBeanFactory.instantiateUsingFactoryMethod(AbstractAutowireCapableBeanFactory.java:1288)
[32msnapanonyme-app_1    |[0m 	at org.springframework.beans.factory.support.AbstractAutowireCapableBeanFactory.createBeanInstance(AbstractAutowireCapableBeanFactory.java:1127)
[32msnapanonyme-app_1    |[0m 	at org.springframework.beans.factory.support.AbstractAutowireCapableBeanFactory.doCreateBean(AbstractAutowireCapableBeanFactory.java:538)
[32msnapanonyme-app_1    |[0m 	at org.springframework.beans.factory.support.AbstractAutowireCapableBeanFactory.createBean(AbstractAutowireCapableBeanFactory.java:498)
[32msnapanonyme-app_1    |[0m 	at org.springframework.beans.factory.support.AbstractBeanFactory.lambda$doGetBean$0(AbstractBeanFactory.java:320)
[32msnapanonyme-app_1    |[0m 	at org.springframework.beans.factory.support.DefaultSingletonBeanRegistry.getSingleton(DefaultSingletonBeanRegistry.java:222)
[32msnapanonyme-app_1    |[0m 	at org.springframework.beans.factory.support.AbstractBeanFactory.doGetBean(AbstractBeanFactory.java:318)
[32msnapanonyme-app_1    |[0m 	at org.springframework.beans.factory.support.AbstractBeanFactory.getBean(AbstractBeanFactory.java:199)
[32msnapanonyme-app_1    |[0m 	at org.springframework.beans.factory.config.DependencyDescriptor.resolveCandidate(DependencyDescriptor.java:277)
[32msnapanonyme-app_1    |[0m 	at org.springframework.beans.factory.support.DefaultListableBeanFactory.doResolveDependency(DefaultListableBeanFactory.java:1244)
[32msnapanonyme-app_1    |[0m 	at org.springframework.beans.factory.support.DefaultListableBeanFactory.resolveDependency(DefaultListableBeanFactory.java:1164)
[32msnapanonyme-app_1    |[0m 	at org.springframework.beans.factory.support.ConstructorResolver.resolveAutowiredArgument(ConstructorResolver.java:857)
[32msnapanonyme-app_1    |[0m 	at org.springframework.beans.factory.support.ConstructorResolver.createArgumentArray(ConstructorResolver.java:760)
[32msnapanonyme-app_1    |[0m 	at org.springframework.beans.factory.support.ConstructorResolver.instantiateUsingFactoryMethod(ConstructorResolver.java:509)
[32msnapanonyme-app_1    |[0m 	at org.springframework.beans.factory.support.AbstractAutowireCapableBeanFactory.instantiateUsingFactoryMethod(AbstractAutowireCapableBeanFactory.java:1288)
[32msnapanonyme-app_1    |[0m 	at org.springframework.beans.factory.support.AbstractAutowireCapableBeanFactory.createBeanInstance(AbstractAutowireCapableBeanFactory.java:1127)
[32msnapanonyme-app_1    |[0m 	at org.springframework.beans.factory.support.AbstractAutowireCapableBeanFactory.doCreateBean(AbstractAutowireCapableBeanFactory.java:538)
[32msnapanonyme-app_1    |[0m 	at org.springframework.beans.factory.support.AbstractAutowireCapableBeanFactory.createBean(AbstractAutowireCapableBeanFactory.java:498)
[32msnapanonyme-app_1    |[0m 	at org.springframework.beans.factory.support.AbstractBeanFactory.lambda$doGetBean$0(AbstractBeanFactory.java:320)
[32msnapanonyme-app_1    |[0m 	at org.springframework.beans.factory.support.DefaultSingletonBeanRegistry.getSingleton(DefaultSingletonBeanRegistry.java:222)
[32msnapanonyme-app_1    |[0m 	at org.springframework.beans.factory.support.AbstractBeanFactory.doGetBean(AbstractBeanFactory.java:318)
[32msnapanonyme-app_1    |[0m 	at org.springframework.beans.factory.support.AbstractBeanFactory.getBean(AbstractBeanFactory.java:199)
[32msnapanonyme-app_1    |[0m 	at org.springframework.beans.factory.config.DependencyDescriptor.resolveCandidate(DependencyDescriptor.java:277)
[32msnapanonyme-app_1    |[0m 	at org.springframework.beans.factory.support.DefaultListableBeanFactory.doResolveDependency(DefaultListableBeanFactory.java:1244)
[32msnapanonyme-app_1    |[0m 	at org.springframework.beans.factory.support.DefaultListableBeanFactory.resolveDependency(DefaultListableBeanFactory.java:1164)
[32msnapanonyme-app_1    |[0m 	at org.springframework.beans.factory.support.ConstructorResolver.resolveAutowiredArgument(ConstructorResolver.java:857)
[32msnapanonyme-app_1    |[0m 	at org.springframework.beans.factory.support.ConstructorResolver.createArgumentArray(ConstructorResolver.java:760)
[32msnapanonyme-app_1    |[0m 	at org.springframework.beans.factory.support.ConstructorResolver.instantiateUsingFactoryMethod(ConstructorResolver.java:509)
[32msnapanonyme-app_1    |[0m 	at org.springframework.beans.factory.support.AbstractAutowireCapableBeanFactory.instantiateUsingFactoryMethod(AbstractAutowireCapableBeanFactory.java:1288)
[32msnapanonyme-app_1    |[0m 	at org.springframework.beans.factory.support.AbstractAutowireCapableBeanFactory.createBeanInstance(AbstractAutowireCapableBeanFactory.java:1127)
[32msnapanonyme-app_1    |[0m 	at org.springframework.beans.factory.support.AbstractAutowireCapableBeanFactory.doCreateBean(AbstractAutowireCapableBeanFactory.java:538)
[32msnapanonyme-app_1    |[0m 	at org.springframework.beans.factory.support.AbstractAutowireCapableBeanFactory.createBean(AbstractAutowireCapableBeanFactory.java:498)
[32msnapanonyme-app_1    |[0m 	at org.springframework.beans.factory.support.AbstractBeanFactory.lambda$doGetBean$0(AbstractBeanFactory.java:320)
[32msnapanonyme-app_1    |[0m 	at org.springframework.beans.factory.support.DefaultSingletonBeanRegistry.getSingleton(DefaultSingletonBeanRegistry.java:222)
[32msnapanonyme-app_1    |[0m 	at org.springframework.beans.factory.support.AbstractBeanFactory.doGetBean(AbstractBeanFactory.java:318)
[32msnapanonyme-app_1    |[0m 	at org.springframework.beans.factory.support.AbstractBeanFactory.getBean(AbstractBeanFactory.java:199)
[32msnapanonyme-app_1    |[0m 	at org.springframework.context.support.AbstractApplicationContext.getBean(AbstractApplicationContext.java:1083)
[32msnapanonyme-app_1    |[0m 	at org.springframework.context.support.AbstractApplicationContext.finishBeanFactoryInitialization(AbstractApplicationContext.java:853)
[32msnapanonyme-app_1    |[0m 	at org.springframework.context.support.AbstractApplicationContext.refresh(AbstractApplicationContext.java:546)
[32msnapanonyme-app_1    |[0m 	at org.springframework.boot.web.servlet.context.ServletWebServerApplicationContext.refresh(ServletWebServerApplicationContext.java:142)
[32msnapanonyme-app_1    |[0m 	at org.springframework.boot.SpringApplication.refresh(SpringApplication.java:775)
[32msnapanonyme-app_1    |[0m 	at org.springframework.boot.SpringApplication.refreshContext(SpringApplication.java:397)
[32msnapanonyme-app_1    |[0m 	at org.springframework.boot.SpringApplication.run(SpringApplication.java:316)
[32msnapanonyme-app_1    |[0m 	at org.springframework.boot.SpringApplication.run(SpringApplication.java:1260)
[32msnapanonyme-app_1    |[0m 	at org.springframework.boot.SpringApplication.run(SpringApplication.java:1248)
[32msnapanonyme-app_1    |[0m 	at com.zerofiltre.snapanonyme.SnapanonymeApplication.main(SnapanonymeApplication.java:13)
[32msnapanonyme-app_1    |[0m 	at sun.reflect.NativeMethodAccessorImpl.invoke0(Native Method)
[32msnapanonyme-app_1    |[0m 	at sun.reflect.NativeMethodAccessorImpl.invoke(NativeMethodAccessorImpl.java:62)
[32msnapanonyme-app_1    |[0m 	at sun.reflect.DelegatingMethodAccessorImpl.invoke(DelegatingMethodAccessorImpl.java:43)
[32msnapanonyme-app_1    |[0m 	at java.lang.reflect.Method.invoke(Method.java:498)
[32msnapanonyme-app_1    |[0m 	at org.springframework.boot.loader.MainMethodRunner.run(MainMethodRunner.java:48)
[32msnapanonyme-app_1    |[0m 	at org.springframework.boot.loader.Launcher.launch(Launcher.java:87)
[32msnapanonyme-app_1    |[0m 	at org.springframework.boot.loader.Launcher.launch(Launcher.java:50)
[32msnapanonyme-app_1    |[0m 	at org.springframework.boot.loader.JarLauncher.main(JarLauncher.java:51)
[32msnapanonyme-app_1    |[0m Caused by: org.springframework.jdbc.CannotGetJdbcConnectionException: Failed to obtain JDBC Connection; nested exception is com.mysql.cj.jdbc.exceptions.CommunicationsException: Communications link failure
[32msnapanonyme-app_1    |[0m 
[32msnapanonyme-app_1    |[0m The last packet sent successfully to the server was 0 milliseconds ago. The driver has not received any packets from the server.
[32msnapanonyme-app_1    |[0m 	at org.springframework.jdbc.datasource.DataSourceUtils.getConnection(DataSourceUtils.java:81)
[32msnapanonyme-app_1    |[0m 	at org.springframework.jdbc.support.JdbcUtils.extractDatabaseMetaData(JdbcUtils.java:319)
[32msnapanonyme-app_1    |[0m 	... 70 common frames omitted
[32msnapanonyme-app_1    |[0m Caused by: com.mysql.cj.jdbc.exceptions.CommunicationsException: Communications link failure
[32msnapanonyme-app_1    |[0m 
[32msnapanonyme-app_1    |[0m The last packet sent successfully to the server was 0 milliseconds ago. The driver has not received any packets from the server.
[32msnapanonyme-app_1    |[0m 	at com.mysql.cj.jdbc.exceptions.SQLError.createCommunicationsException(SQLError.java:174)
[32msnapanonyme-app_1    |[0m 	at com.mysql.cj.jdbc.exceptions.SQLExceptionsMapping.translateException(SQLExceptionsMapping.java:64)
[32msnapanonyme-app_1    |[0m 	at com.mysql.cj.jdbc.ConnectionImpl.createNewIO(ConnectionImpl.java:835)
[32msnapanonyme-app_1    |[0m 	at com.mysql.cj.jdbc.ConnectionImpl.<init>(ConnectionImpl.java:455)
[32msnapanonyme-app_1    |[0m 	at com.mysql.cj.jdbc.ConnectionImpl.getInstance(ConnectionImpl.java:240)
[32msnapanonyme-app_1    |[0m 	at com.mysql.cj.jdbc.NonRegisteringDriver.connect(NonRegisteringDriver.java:207)
[32msnapanonyme-app_1    |[0m 	at com.zaxxer.hikari.util.DriverDataSource.getConnection(DriverDataSource.java:136)
[32msnapanonyme-app_1    |[0m 	at com.zaxxer.hikari.pool.PoolBase.newConnection(PoolBase.java:369)
[32msnapanonyme-app_1    |[0m 	at com.zaxxer.hikari.pool.PoolBase.newPoolEntry(PoolBase.java:198)
[32msnapanonyme-app_1    |[0m 	at com.zaxxer.hikari.pool.HikariPool.createPoolEntry(HikariPool.java:467)
[32msnapanonyme-app_1    |[0m 	at com.zaxxer.hikari.pool.HikariPool.checkFailFast(HikariPool.java:541)
[32msnapanonyme-app_1    |[0m 	at com.zaxxer.hikari.pool.HikariPool.<init>(HikariPool.java:115)
[32msnapanonyme-app_1    |[0m 	at com.zaxxer.hikari.HikariDataSource.getConnection(HikariDataSource.java:112)
[32msnapanonyme-app_1    |[0m 	at org.springframework.jdbc.datasource.DataSourceUtils.fetchConnection(DataSourceUtils.java:157)
[32msnapanonyme-app_1    |[0m 	at org.springframework.jdbc.datasource.DataSourceUtils.doGetConnection(DataSourceUtils.java:115)
[32msnapanonyme-app_1    |[0m 	at org.springframework.jdbc.datasource.DataSourceUtils.getConnection(DataSourceUtils.java:78)
[32msnapanonyme-app_1    |[0m 	... 71 common frames omitted
[32msnapanonyme-app_1    |[0m Caused by: com.mysql.cj.exceptions.CJCommunicationsException: Communications link failure
[32msnapanonyme-app_1    |[0m 
[32msnapanonyme-app_1    |[0m The last packet sent successfully to the server was 0 milliseconds ago. The driver has not received any packets from the server.
[32msnapanonyme-app_1    |[0m 	at sun.reflect.NativeConstructorAccessorImpl.newInstance0(Native Method)
[32msnapanonyme-app_1    |[0m 	at sun.reflect.NativeConstructorAccessorImpl.newInstance(NativeConstructorAccessorImpl.java:62)
[32msnapanonyme-app_1    |[0m 	at sun.reflect.DelegatingConstructorAccessorImpl.newInstance(DelegatingConstructorAccessorImpl.java:45)
[32msnapanonyme-app_1    |[0m 	at java.lang.reflect.Constructor.newInstance(Constructor.java:423)
[32msnapanonyme-app_1    |[0m 	at com.mysql.cj.exceptions.ExceptionFactory.createException(ExceptionFactory.java:61)
[32msnapanonyme-app_1    |[0m 	at com.mysql.cj.exceptions.ExceptionFactory.createException(ExceptionFactory.java:105)
[32msnapanonyme-app_1    |[0m 	at com.mysql.cj.exceptions.ExceptionFactory.createException(ExceptionFactory.java:151)
[32msnapanonyme-app_1    |[0m 	at com.mysql.cj.exceptions.ExceptionFactory.createCommunicationsException(ExceptionFactory.java:167)
[32msnapanonyme-app_1    |[0m 	at com.mysql.cj.protocol.a.NativeSocketConnection.connect(NativeSocketConnection.java:91)
[32msnapanonyme-app_1    |[0m 	at com.mysql.cj.NativeSession.connect(NativeSession.java:152)
[32msnapanonyme-app_1    |[0m 	at com.mysql.cj.jdbc.ConnectionImpl.connectOneTryOnly(ConnectionImpl.java:955)
[32msnapanonyme-app_1    |[0m 	at com.mysql.cj.jdbc.ConnectionImpl.createNewIO(ConnectionImpl.java:825)
[32msnapanonyme-app_1    |[0m 	... 84 common frames omitted
[32msnapanonyme-app_1    |[0m Caused by: java.net.ConnectException: Connection refused (Connection refused)
[32msnapanonyme-app_1    |[0m 	at java.net.PlainSocketImpl.socketConnect(Native Method)
[32msnapanonyme-app_1    |[0m 	at java.net.AbstractPlainSocketImpl.doConnect(AbstractPlainSocketImpl.java:350)
[32msnapanonyme-app_1    |[0m 	at java.net.AbstractPlainSocketImpl.connectToAddress(AbstractPlainSocketImpl.java:206)
[32msnapanonyme-app_1    |[0m 	at java.net.AbstractPlainSocketImpl.connect(AbstractPlainSocketImpl.java:188)
[32msnapanonyme-app_1    |[0m 	at java.net.SocksSocketImpl.connect(SocksSocketImpl.java:392)
[32msnapanonyme-app_1    |[0m 	at java.net.Socket.connect(Socket.java:589)
[32msnapanonyme-app_1    |[0m 	at com.mysql.cj.protocol.StandardSocketFactory.connect(StandardSocketFactory.java:155)
[32msnapanonyme-app_1    |[0m 	at com.mysql.cj.protocol.a.NativeSocketConnection.connect(NativeSocketConnection.java:65)
[32msnapanonyme-app_1    |[0m 	... 87 common frames omitted
[32msnapanonyme-app_1    |[0m 
[32msnapanonyme-app_1    |[0m [2m2019-06-20 05:50:35.000[0;39m [31mERROR[0;39m [35m1[0;39m [2m---[0;39m [2m[           main][0;39m [36mcom.zaxxer.hikari.pool.HikariPool       [0;39m [2m:[0;39m HikariPool-1 - Exception during pool initialization.
[32msnapanonyme-app_1    |[0m 
[32msnapanonyme-app_1    |[0m com.mysql.cj.jdbc.exceptions.CommunicationsException: Communications link failure
[32msnapanonyme-app_1    |[0m 
[32msnapanonyme-app_1    |[0m The last packet sent successfully to the server was 0 milliseconds ago. The driver has not received any packets from the server.
[32msnapanonyme-app_1    |[0m 	at com.mysql.cj.jdbc.exceptions.SQLError.createCommunicationsException(SQLError.java:174)
[32msnapanonyme-app_1    |[0m 	at com.mysql.cj.jdbc.exceptions.SQLExceptionsMapping.translateException(SQLExceptionsMapping.java:64)
[32msnapanonyme-app_1    |[0m 	at com.mysql.cj.jdbc.ConnectionImpl.createNewIO(ConnectionImpl.java:835)
[32msnapanonyme-app_1    |[0m 	at com.mysql.cj.jdbc.ConnectionImpl.<init>(ConnectionImpl.java:455)
[32msnapanonyme-app_1    |[0m 	at com.mysql.cj.jdbc.ConnectionImpl.getInstance(ConnectionImpl.java:240)
[32msnapanonyme-app_1    |[0m 	at com.mysql.cj.jdbc.NonRegisteringDriver.connect(NonRegisteringDriver.java:207)
[32msnapanonyme-app_1    |[0m 	at com.zaxxer.hikari.util.DriverDataSource.getConnection(DriverDataSource.java:136)
[32msnapanonyme-app_1    |[0m 	at com.zaxxer.hikari.pool.PoolBase.newConnection(PoolBase.java:369)
[32msnapanonyme-app_1    |[0m 	at com.zaxxer.hikari.pool.PoolBase.newPoolEntry(PoolBase.java:198)
[32msnapanonyme-app_1    |[0m 	at com.zaxxer.hikari.pool.HikariPool.createPoolEntry(HikariPool.java:467)
[32msnapanonyme-app_1    |[0m 	at com.zaxxer.hikari.pool.HikariPool.checkFailFast(HikariPool.java:541)
[32msnapanonyme-app_1    |[0m 	at com.zaxxer.hikari.pool.HikariPool.<init>(HikariPool.java:115)
[32msnapanonyme-app_1    |[0m 	at com.zaxxer.hikari.HikariDataSource.getConnection(HikariDataSource.java:112)
[32msnapanonyme-app_1    |[0m 	at org.hibernate.engine.jdbc.connections.internal.DatasourceConnectionProviderImpl.getConnection(DatasourceConnectionProviderImpl.java:122)
[32msnapanonyme-app_1    |[0m 	at org.hibernate.engine.jdbc.env.internal.JdbcEnvironmentInitiator$ConnectionProviderJdbcConnectionAccess.obtainConnection(JdbcEnvironmentInitiator.java:180)
[32msnapanonyme-app_1    |[0m 	at org.hibernate.engine.jdbc.env.internal.JdbcEnvironmentInitiator.initiateService(JdbcEnvironmentInitiator.java:68)
[32msnapanonyme-app_1    |[0m 	at org.hibernate.engine.jdbc.env.internal.JdbcEnvironmentInitiator.initiateService(JdbcEnvironmentInitiator.java:35)
[32msnapanonyme-app_1    |[0m 	at org.hibernate.boot.registry.internal.StandardServiceRegistryImpl.initiateService(StandardServiceRegistryImpl.java:94)
[32msnapanonyme-app_1    |[0m 	at org.hibernate.service.internal.AbstractServiceRegistryImpl.createService(AbstractServiceRegistryImpl.java:263)
[32msnapanonyme-app_1    |[0m 	at org.hibernate.service.internal.AbstractServiceRegistryImpl.initializeService(AbstractServiceRegistryImpl.java:237)
[32msnapanonyme-app_1    |[0m 	at org.hibernate.service.internal.AbstractServiceRegistryImpl.getService(AbstractServiceRegistryImpl.java:214)
[32msnapanonyme-app_1    |[0m 	at org.hibernate.id.factory.internal.DefaultIdentifierGeneratorFactory.injectServices(DefaultIdentifierGeneratorFactory.java:152)
[32msnapanonyme-app_1    |[0m 	at org.hibernate.service.internal.AbstractServiceRegistryImpl.injectDependencies(AbstractServiceRegistryImpl.java:286)
[32msnapanonyme-app_1    |[0m 	at org.hibernate.service.internal.AbstractServiceRegistryImpl.initializeService(AbstractServiceRegistryImpl.java:243)
[32msnapanonyme-app_1    |[0m 	at org.hibernate.service.internal.AbstractServiceRegistryImpl.getService(AbstractServiceRegistryImpl.java:214)
[32msnapanonyme-app_1    |[0m 	at org.hibernate.boot.internal.InFlightMetadataCollectorImpl.<init>(InFlightMetadataCollectorImpl.java:179)
[32msnapanonyme-app_1    |[0m 	at org.hibernate.boot.model.process.spi.MetadataBuildingProcess.complete(MetadataBuildingProcess.java:119)
[32msnapanonyme-app_1    |[0m 	at org.hibernate.jpa.boot.internal.EntityManagerFactoryBuilderImpl.metadata(EntityManagerFactoryBuilderImpl.java:904)
[32msnapanonyme-app_1    |[0m 	at org.hibernate.jpa.boot.internal.EntityManagerFactoryBuilderImpl.build(EntityManagerFactoryBuilderImpl.java:935)
[32msnapanonyme-app_1    |[0m 	at org.springframework.orm.jpa.vendor.SpringHibernateJpaPersistenceProvider.createContainerEntityManagerFactory(SpringHibernateJpaPersistenceProvider.java:57)
[32msnapanonyme-app_1    |[0m 	at org.springframework.orm.jpa.LocalContainerEntityManagerFactoryBean.createNativeEntityManagerFactory(LocalContainerEntityManagerFactoryBean.java:365)
[32msnapanonyme-app_1    |[0m 	at org.springframework.orm.jpa.AbstractEntityManagerFactoryBean.buildNativeEntityManagerFactory(AbstractEntityManagerFactoryBean.java:390)
[32msnapanonyme-app_1    |[0m 	at org.springframework.orm.jpa.AbstractEntityManagerFactoryBean.afterPropertiesSet(AbstractEntityManagerFactoryBean.java:377)
[32msnapanonyme-app_1    |[0m 	at org.springframework.orm.jpa.LocalContainerEntityManagerFactoryBean.afterPropertiesSet(LocalContainerEntityManagerFactoryBean.java:341)
[32msnapanonyme-app_1    |[0m 	at org.springframework.beans.factory.support.AbstractAutowireCapableBeanFactory.invokeInitMethods(AbstractAutowireCapableBeanFactory.java:1804)
[32msnapanonyme-app_1    |[0m 	at org.springframework.beans.factory.support.AbstractAutowireCapableBeanFactory.initializeBean(AbstractAutowireCapableBeanFactory.java:1741)
[32msnapanonyme-app_1    |[0m 	at org.springframework.beans.factory.support.AbstractAutowireCapableBeanFactory.doCreateBean(AbstractAutowireCapableBeanFactory.java:576)
[32msnapanonyme-app_1    |[0m 	at org.springframework.beans.factory.support.AbstractAutowireCapableBeanFactory.createBean(AbstractAutowireCapableBeanFactory.java:498)
[32msnapanonyme-app_1    |[0m 	at org.springframework.beans.factory.support.AbstractBeanFactory.lambda$doGetBean$0(AbstractBeanFactory.java:320)
[32msnapanonyme-app_1    |[0m 	at org.springframework.beans.factory.support.DefaultSingletonBeanRegistry.getSingleton(DefaultSingletonBeanRegistry.java:222)
[32msnapanonyme-app_1    |[0m 	at org.springframework.beans.factory.support.AbstractBeanFactory.doGetBean(AbstractBeanFactory.java:318)
[32msnapanonyme-app_1    |[0m 	at org.springframework.beans.factory.support.AbstractBeanFactory.getBean(AbstractBeanFactory.java:199)
[32msnapanonyme-app_1    |[0m 	at org.springframework.context.support.AbstractApplicationContext.getBean(AbstractApplicationContext.java:1083)
[32msnapanonyme-app_1    |[0m 	at org.springframework.context.support.AbstractApplicationContext.finishBeanFactoryInitialization(AbstractApplicationContext.java:853)
[32msnapanonyme-app_1    |[0m 	at org.springframework.context.support.AbstractApplicationContext.refresh(AbstractApplicationContext.java:546)
[32msnapanonyme-app_1    |[0m 	at org.springframework.boot.web.servlet.context.ServletWebServerApplicationContext.refresh(ServletWebServerApplicationContext.java:142)
[32msnapanonyme-app_1    |[0m 	at org.springframework.boot.SpringApplication.refresh(SpringApplication.java:775)
[32msnapanonyme-app_1    |[0m 	at org.springframework.boot.SpringApplication.refreshContext(SpringApplication.java:397)
[32msnapanonyme-app_1    |[0m 	at org.springframework.boot.SpringApplication.run(SpringApplication.java:316)
[32msnapanonyme-app_1    |[0m 	at org.springframework.boot.SpringApplication.run(SpringApplication.java:1260)
[32msnapanonyme-app_1    |[0m 	at org.springframework.boot.SpringApplication.run(SpringApplication.java:1248)
[32msnapanonyme-app_1    |[0m 	at com.zerofiltre.snapanonyme.SnapanonymeApplication.main(SnapanonymeApplication.java:13)
[32msnapanonyme-app_1    |[0m 	at sun.reflect.NativeMethodAccessorImpl.invoke0(Native Method)
[32msnapanonyme-app_1    |[0m 	at sun.reflect.NativeMethodAccessorImpl.invoke(NativeMethodAccessorImpl.java:62)
[32msnapanonyme-app_1    |[0m 	at sun.reflect.DelegatingMethodAccessorImpl.invoke(DelegatingMethodAccessorImpl.java:43)
[32msnapanonyme-app_1    |[0m 	at java.lang.reflect.Method.invoke(Method.java:498)
[32msnapanonyme-app_1    |[0m 	at org.springframework.boot.loader.MainMethodRunner.run(MainMethodRunner.java:48)
[32msnapanonyme-app_1    |[0m 	at org.springframework.boot.loader.Launcher.launch(Launcher.java:87)
[32msnapanonyme-app_1    |[0m 	at org.springframework.boot.loader.Launcher.launch(Launcher.java:50)
[32msnapanonyme-app_1    |[0m 	at org.springframework.boot.loader.JarLauncher.main(JarLauncher.java:51)
[32msnapanonyme-app_1    |[0m Caused by: com.mysql.cj.exceptions.CJCommunicationsException: Communications link failure
[32msnapanonyme-app_1    |[0m 
[32msnapanonyme-app_1    |[0m The last packet sent successfully to the server was 0 milliseconds ago. The driver has not received any packets from the server.
[32msnapanonyme-app_1    |[0m 	at sun.reflect.NativeConstructorAccessorImpl.newInstance0(Native Method)
[32msnapanonyme-app_1    |[0m 	at sun.reflect.NativeConstructorAccessorImpl.newInstance(NativeConstructorAccessorImpl.java:62)
[32msnapanonyme-app_1    |[0m 	at sun.reflect.DelegatingConstructorAccessorImpl.newInstance(DelegatingConstructorAccessorImpl.java:45)
[32msnapanonyme-app_1    |[0m 	at java.lang.reflect.Constructor.newInstance(Constructor.java:423)
[32msnapanonyme-app_1    |[0m 	at com.mysql.cj.exceptions.ExceptionFactory.createException(ExceptionFactory.java:61)
[32msnapanonyme-app_1    |[0m 	at com.mysql.cj.exceptions.ExceptionFactory.createException(ExceptionFactory.java:105)
[32msnapanonyme-app_1    |[0m 	at com.mysql.cj.exceptions.ExceptionFactory.createException(ExceptionFactory.java:151)
[32msnapanonyme-app_1    |[0m 	at com.mysql.cj.exceptions.ExceptionFactory.createCommunicationsException(ExceptionFactory.java:167)
[32msnapanonyme-app_1    |[0m 	at com.mysql.cj.protocol.a.NativeSocketConnection.connect(NativeSocketConnection.java:91)
[32msnapanonyme-app_1    |[0m 	at com.mysql.cj.NativeSession.connect(NativeSession.java:152)
[32msnapanonyme-app_1    |[0m 	at com.mysql.cj.jdbc.ConnectionImpl.connectOneTryOnly(ConnectionImpl.java:955)
[32msnapanonyme-app_1    |[0m 	at com.mysql.cj.jdbc.ConnectionImpl.createNewIO(ConnectionImpl.java:825)
[32msnapanonyme-app_1    |[0m 	... 57 common frames omitted
[32msnapanonyme-app_1    |[0m Caused by: java.net.ConnectException: Connection refused (Connection refused)
[32msnapanonyme-app_1    |[0m 	at java.net.PlainSocketImpl.socketConnect(Native Method)
[32msnapanonyme-app_1    |[0m 	at java.net.AbstractPlainSocketImpl.doConnect(AbstractPlainSocketImpl.java:350)
[32msnapanonyme-app_1    |[0m 	at java.net.AbstractPlainSocketImpl.connectToAddress(AbstractPlainSocketImpl.java:206)
[32msnapanonyme-app_1    |[0m 	at java.net.AbstractPlainSocketImpl.connect(AbstractPlainSocketImpl.java:188)
[32msnapanonyme-app_1    |[0m 	at java.net.SocksSocketImpl.connect(SocksSocketImpl.java:392)
[32msnapanonyme-app_1    |[0m 	at java.net.Socket.connect(Socket.java:589)
[32msnapanonyme-app_1    |[0m 	at com.mysql.cj.protocol.StandardSocketFactory.connect(StandardSocketFactory.java:155)
[32msnapanonyme-app_1    |[0m 	at com.mysql.cj.protocol.a.NativeSocketConnection.connect(NativeSocketConnection.java:65)
[32msnapanonyme-app_1    |[0m 	... 60 common frames omitted
[32msnapanonyme-app_1    |[0m 
[32msnapanonyme-app_1    |[0m [2m2019-06-20 05:50:35.006[0;39m [33m WARN[0;39m [35m1[0;39m [2m---[0;39m [2m[           main][0;39m [36mo.h.e.j.e.i.JdbcEnvironmentInitiator    [0;39m [2m:[0;39m HHH000342: Could not obtain connection to query metadata : Communications link failure
[32msnapanonyme-app_1    |[0m 
[32msnapanonyme-app_1    |[0m The last packet sent successfully to the server was 0 milliseconds ago. The driver has not received any packets from the server.
[32msnapanonyme-app_1    |[0m [2m2019-06-20 05:50:37.655[0;39m [31mERROR[0;39m [35m1[0;39m [2m---[0;39m [2m[           main][0;39m [36mcom.zaxxer.hikari.pool.HikariPool       [0;39m [2m:[0;39m HikariPool-1 - Exception during pool initialization.
[32msnapanonyme-app_1    |[0m 
[32msnapanonyme-app_1    |[0m com.mysql.cj.jdbc.exceptions.CommunicationsException: Communications link failure
[32msnapanonyme-app_1    |[0m 
[32msnapanonyme-app_1    |[0m The last packet sent successfully to the server was 0 milliseconds ago. The driver has not received any packets from the server.
[32msnapanonyme-app_1    |[0m 	at com.mysql.cj.jdbc.exceptions.SQLError.createCommunicationsException(SQLError.java:174)
[32msnapanonyme-app_1    |[0m 	at com.mysql.cj.jdbc.exceptions.SQLExceptionsMapping.translateException(SQLExceptionsMapping.java:64)
[32msnapanonyme-app_1    |[0m 	at com.mysql.cj.jdbc.ConnectionImpl.createNewIO(ConnectionImpl.java:835)
[32msnapanonyme-app_1    |[0m 	at com.mysql.cj.jdbc.ConnectionImpl.<init>(ConnectionImpl.java:455)
[32msnapanonyme-app_1    |[0m 	at com.mysql.cj.jdbc.ConnectionImpl.getInstance(ConnectionImpl.java:240)
[32msnapanonyme-app_1    |[0m 	at com.mysql.cj.jdbc.NonRegisteringDriver.connect(NonRegisteringDriver.java:207)
[32msnapanonyme-app_1    |[0m 	at com.zaxxer.hikari.util.DriverDataSource.getConnection(DriverDataSource.java:136)
[32msnapanonyme-app_1    |[0m 	at com.zaxxer.hikari.pool.PoolBase.newConnection(PoolBase.java:369)
[32msnapanonyme-app_1    |[0m 	at com.zaxxer.hikari.pool.PoolBase.newPoolEntry(PoolBase.java:198)
[32msnapanonyme-app_1    |[0m 	at com.zaxxer.hikari.pool.HikariPool.createPoolEntry(HikariPool.java:467)
[32msnapanonyme-app_1    |[0m 	at com.zaxxer.hikari.pool.HikariPool.checkFailFast(HikariPool.java:541)
[32msnapanonyme-app_1    |[0m 	at com.zaxxer.hikari.pool.HikariPool.<init>(HikariPool.java:115)
[32msnapanonyme-app_1    |[0m 	at com.zaxxer.hikari.HikariDataSource.getConnection(HikariDataSource.java:112)
[32msnapanonyme-app_1    |[0m 	at org.hibernate.engine.jdbc.connections.internal.DatasourceConnectionProviderImpl.getConnection(DatasourceConnectionProviderImpl.java:122)
[32msnapanonyme-app_1    |[0m 	at org.hibernate.engine.jdbc.env.internal.JdbcEnvironmentInitiator$ConnectionProviderJdbcConnectionAccess.obtainConnection(JdbcEnvironmentInitiator.java:180)
[32msnapanonyme-app_1    |[0m 	at org.hibernate.resource.transaction.backend.jdbc.internal.DdlTransactionIsolatorNonJtaImpl.getIsolatedConnection(DdlTransactionIsolatorNonJtaImpl.java:43)
[32msnapanonyme-app_1    |[0m 	at org.hibernate.tool.schema.internal.exec.ImprovedExtractionContextImpl.getJdbcConnection(ImprovedExtractionContextImpl.java:60)
[32msnapanonyme-app_1    |[0m 	at org.hibernate.tool.schema.internal.exec.ImprovedExtractionContextImpl.getJdbcDatabaseMetaData(ImprovedExtractionContextImpl.java:67)
[32msnapanonyme-app_1    |[0m 	at org.hibernate.tool.schema.extract.internal.InformationExtractorJdbcDatabaseMetaDataImpl.getTables(InformationExtractorJdbcDatabaseMetaDataImpl.java:329)
[32msnapanonyme-app_1    |[0m 	at org.hibernate.tool.schema.extract.internal.DatabaseInformationImpl.getTablesInformation(DatabaseInformationImpl.java:120)
[32msnapanonyme-app_1    |[0m 	at org.hibernate.tool.schema.internal.GroupedSchemaMigratorImpl.performTablesMigration(GroupedSchemaMigratorImpl.java:65)
[32msnapanonyme-app_1    |[0m 	at org.hibernate.tool.schema.internal.AbstractSchemaMigrator.performMigration(AbstractSchemaMigrator.java:207)
[32msnapanonyme-app_1    |[0m 	at org.hibernate.tool.schema.internal.AbstractSchemaMigrator.doMigration(AbstractSchemaMigrator.java:114)
[32msnapanonyme-app_1    |[0m 	at org.hibernate.tool.schema.spi.SchemaManagementToolCoordinator.performDatabaseAction(SchemaManagementToolCoordinator.java:183)
[32msnapanonyme-app_1    |[0m 	at org.hibernate.tool.schema.spi.SchemaManagementToolCoordinator.process(SchemaManagementToolCoordinator.java:72)
[32msnapanonyme-app_1    |[0m 	at org.hibernate.internal.SessionFactoryImpl.<init>(SessionFactoryImpl.java:310)
[32msnapanonyme-app_1    |[0m 	at org.hibernate.boot.internal.SessionFactoryBuilderImpl.build(SessionFactoryBuilderImpl.java:467)
[32msnapanonyme-app_1    |[0m 	at org.hibernate.jpa.boot.internal.EntityManagerFactoryBuilderImpl.build(EntityManagerFactoryBuilderImpl.java:939)
[32msnapanonyme-app_1    |[0m 	at org.springframework.orm.jpa.vendor.SpringHibernateJpaPersistenceProvider.createContainerEntityManagerFactory(SpringHibernateJpaPersistenceProvider.java:57)
[32msnapanonyme-app_1    |[0m 	at org.springframework.orm.jpa.LocalContainerEntityManagerFactoryBean.createNativeEntityManagerFactory(LocalContainerEntityManagerFactoryBean.java:365)
[32msnapanonyme-app_1    |[0m 	at org.springframework.orm.jpa.AbstractEntityManagerFactoryBean.buildNativeEntityManagerFactory(AbstractEntityManagerFactoryBean.java:390)
[32msnapanonyme-app_1    |[0m 	at org.springframework.orm.jpa.AbstractEntityManagerFactoryBean.afterPropertiesSet(AbstractEntityManagerFactoryBean.java:377)
[32msnapanonyme-app_1    |[0m 	at org.springframework.orm.jpa.LocalContainerEntityManagerFactoryBean.afterPropertiesSet(LocalContainerEntityManagerFactoryBean.java:341)
[32msnapanonyme-app_1    |[0m 	at org.springframework.beans.factory.support.AbstractAutowireCapableBeanFactory.invokeInitMethods(AbstractAutowireCapableBeanFactory.java:1804)
[32msnapanonyme-app_1    |[0m 	at org.springframework.beans.factory.support.AbstractAutowireCapableBeanFactory.initializeBean(AbstractAutowireCapableBeanFactory.java:1741)
[32msnapanonyme-app_1    |[0m 	at org.springframework.beans.factory.support.AbstractAutowireCapableBeanFactory.doCreateBean(AbstractAutowireCapableBeanFactory.java:576)
[32msnapanonyme-app_1    |[0m 	at org.springframework.beans.factory.support.AbstractAutowireCapableBeanFactory.createBean(AbstractAutowireCapableBeanFactory.java:498)
[32msnapanonyme-app_1    |[0m 	at org.springframework.beans.factory.support.AbstractBeanFactory.lambda$doGetBean$0(AbstractBeanFactory.java:320)
[32msnapanonyme-app_1    |[0m 	at org.springframework.beans.factory.support.DefaultSingletonBeanRegistry.getSingleton(DefaultSingletonBeanRegistry.java:222)
[32msnapanonyme-app_1    |[0m 	at org.springframework.beans.factory.support.AbstractBeanFactory.doGetBean(AbstractBeanFactory.java:318)
[32msnapanonyme-app_1    |[0m 	at org.springframework.beans.factory.support.AbstractBeanFactory.getBean(AbstractBeanFactory.java:199)
[32msnapanonyme-app_1    |[0m 	at org.springframework.context.support.AbstractApplicationContext.getBean(AbstractApplicationContext.java:1083)
[32msnapanonyme-app_1    |[0m 	at org.springframework.context.support.AbstractApplicationContext.finishBeanFactoryInitialization(AbstractApplicationContext.java:853)
[32msnapanonyme-app_1    |[0m 	at org.springframework.context.support.AbstractApplicationContext.refresh(AbstractApplicationContext.java:546)
[32msnapanonyme-app_1    |[0m 	at org.springframework.boot.web.servlet.context.ServletWebServerApplicationContext.refresh(ServletWebServerApplicationContext.java:142)
[32msnapanonyme-app_1    |[0m 	at org.springframework.boot.SpringApplication.refresh(SpringApplication.java:775)
[32msnapanonyme-app_1    |[0m 	at org.springframework.boot.SpringApplication.refreshContext(SpringApplication.java:397)
[32msnapanonyme-app_1    |[0m 	at org.springframework.boot.SpringApplication.run(SpringApplication.java:316)
[32msnapanonyme-app_1    |[0m 	at org.springframework.boot.SpringApplication.run(SpringApplication.java:1260)
[32msnapanonyme-app_1    |[0m 	at org.springframework.boot.SpringApplication.run(SpringApplication.java:1248)
[32msnapanonyme-app_1    |[0m 	at com.zerofiltre.snapanonyme.SnapanonymeApplication.main(SnapanonymeApplication.java:13)
[32msnapanonyme-app_1    |[0m 	at sun.reflect.NativeMethodAccessorImpl.invoke0(Native Method)
[32msnapanonyme-app_1    |[0m 	at sun.reflect.NativeMethodAccessorImpl.invoke(NativeMethodAccessorImpl.java:62)
[32msnapanonyme-app_1    |[0m 	at sun.reflect.DelegatingMethodAccessorImpl.invoke(DelegatingMethodAccessorImpl.java:43)
[32msnapanonyme-app_1    |[0m 	at java.lang.reflect.Method.invoke(Method.java:498)
[32msnapanonyme-app_1    |[0m 	at org.springframework.boot.loader.MainMethodRunner.run(MainMethodRunner.java:48)
[32msnapanonyme-app_1    |[0m 	at org.springframework.boot.loader.Launcher.launch(Launcher.java:87)
[32msnapanonyme-app_1    |[0m 	at org.springframework.boot.loader.Launcher.launch(Launcher.java:50)
[32msnapanonyme-app_1    |[0m 	at org.springframework.boot.loader.JarLauncher.main(JarLauncher.java:51)
[32msnapanonyme-app_1    |[0m Caused by: com.mysql.cj.exceptions.CJCommunicationsException: Communications link failure
[32msnapanonyme-app_1    |[0m 
[32msnapanonyme-app_1    |[0m The last packet sent successfully to the server was 0 milliseconds ago. The driver has not received any packets from the server.
[32msnapanonyme-app_1    |[0m 	at sun.reflect.NativeConstructorAccessorImpl.newInstance0(Native Method)
[32msnapanonyme-app_1    |[0m 	at sun.reflect.NativeConstructorAccessorImpl.newInstance(NativeConstructorAccessorImpl.java:62)
[32msnapanonyme-app_1    |[0m 	at sun.reflect.DelegatingConstructorAccessorImpl.newInstance(DelegatingConstructorAccessorImpl.java:45)
[32msnapanonyme-app_1    |[0m 	at java.lang.reflect.Constructor.newInstance(Constructor.java:423)
[32msnapanonyme-app_1    |[0m 	at com.mysql.cj.exceptions.ExceptionFactory.createException(ExceptionFactory.java:61)
[32msnapanonyme-app_1    |[0m 	at com.mysql.cj.exceptions.ExceptionFactory.createException(ExceptionFactory.java:105)
[32msnapanonyme-app_1    |[0m 	at com.mysql.cj.exceptions.ExceptionFactory.createException(ExceptionFactory.java:151)
[32msnapanonyme-app_1    |[0m 	at com.mysql.cj.exceptions.ExceptionFactory.createCommunicationsException(ExceptionFactory.java:167)
[32msnapanonyme-app_1    |[0m 	at com.mysql.cj.protocol.a.NativeSocketConnection.connect(NativeSocketConnection.java:91)
[32msnapanonyme-app_1    |[0m 	at com.mysql.cj.NativeSession.connect(NativeSession.java:152)
[32msnapanonyme-app_1    |[0m 	at com.mysql.cj.jdbc.ConnectionImpl.connectOneTryOnly(ConnectionImpl.java:955)
[32msnapanonyme-app_1    |[0m 	at com.mysql.cj.jdbc.ConnectionImpl.createNewIO(ConnectionImpl.java:825)
[32msnapanonyme-app_1    |[0m 	... 56 common frames omitted
[32msnapanonyme-app_1    |[0m Caused by: java.net.ConnectException: Connection refused (Connection refused)
[32msnapanonyme-app_1    |[0m 	at java.net.PlainSocketImpl.socketConnect(Native Method)
[32msnapanonyme-app_1    |[0m 	at java.net.AbstractPlainSocketImpl.doConnect(AbstractPlainSocketImpl.java:350)
[32msnapanonyme-app_1    |[0m 	at java.net.AbstractPlainSocketImpl.connectToAddress(AbstractPlainSocketImpl.java:206)
[32msnapanonyme-app_1    |[0m 	at java.net.AbstractPlainSocketImpl.connect(AbstractPlainSocketImpl.java:188)
[32msnapanonyme-app_1    |[0m 	at java.net.SocksSocketImpl.connect(SocksSocketImpl.java:392)
[32msnapanonyme-app_1    |[0m 	at java.net.Socket.connect(Socket.java:589)
[32msnapanonyme-app_1    |[0m 	at com.mysql.cj.protocol.StandardSocketFactory.connect(StandardSocketFactory.java:155)
[32msnapanonyme-app_1    |[0m 	at com.mysql.cj.protocol.a.NativeSocketConnection.connect(NativeSocketConnection.java:65)
[32msnapanonyme-app_1    |[0m 	... 59 common frames omitted
[32msnapanonyme-app_1    |[0m 
[32msnapanonyme-app_1    |[0m [2m2019-06-20 05:50:37.659[0;39m [33m WARN[0;39m [35m1[0;39m [2m---[0;39m [2m[           main][0;39m [36mo.h.engine.jdbc.spi.SqlExceptionHelper  [0;39m [2m:[0;39m SQL Error: 0, SQLState: 08S01
[32msnapanonyme-app_1    |[0m [2m2019-06-20 05:50:37.661[0;39m [31mERROR[0;39m [35m1[0;39m [2m---[0;39m [2m[           main][0;39m [36mo.h.engine.jdbc.spi.SqlExceptionHelper  [0;39m [2m:[0;39m Communications link failure
[32msnapanonyme-app_1    |[0m 
[32msnapanonyme-app_1    |[0m The last packet sent successfully to the server was 0 milliseconds ago. The driver has not received any packets from the server.
[32msnapanonyme-app_1    |[0m [2m2019-06-20 05:50:37.680[0;39m [33m WARN[0;39m [35m1[0;39m [2m---[0;39m [2m[           main][0;39m [36mConfigServletWebServerApplicationContext[0;39m [2m:[0;39m Exception encountered during context initialization - cancelling refresh attempt: org.springframework.beans.factory.BeanCreationException: Error creating bean with name 'entityManagerFactory' defined in class path resource [org/springframework/boot/autoconfigure/orm/jpa/HibernateJpaConfiguration.class]: Invocation of init method failed; nested exception is javax.persistence.PersistenceException: [PersistenceUnit: default] Unable to build Hibernate SessionFactory; nested exception is org.hibernate.exception.JDBCConnectionException: Unable to open JDBC Connection for DDL execution
[32msnapanonyme-app_1    |[0m [2m2019-06-20 05:50:37.721[0;39m [31mERROR[0;39m [35m1[0;39m [2m---[0;39m [2m[           main][0;39m [36mo.s.boot.SpringApplication              [0;39m [2m:[0;39m Application run failed
[32msnapanonyme-app_1    |[0m 
[32msnapanonyme-app_1    |[0m org.springframework.beans.factory.BeanCreationException: Error creating bean with name 'entityManagerFactory' defined in class path resource [org/springframework/boot/autoconfigure/orm/jpa/HibernateJpaConfiguration.class]: Invocation of init method failed; nested exception is javax.persistence.PersistenceException: [PersistenceUnit: default] Unable to build Hibernate SessionFactory; nested exception is org.hibernate.exception.JDBCConnectionException: Unable to open JDBC Connection for DDL execution
[32msnapanonyme-app_1    |[0m 	at org.springframework.beans.factory.support.AbstractAutowireCapableBeanFactory.initializeBean(AbstractAutowireCapableBeanFactory.java:1745)
[32msnapanonyme-app_1    |[0m 	at org.springframework.beans.factory.support.AbstractAutowireCapableBeanFactory.doCreateBean(AbstractAutowireCapableBeanFactory.java:576)
[32msnapanonyme-app_1    |[0m 	at org.springframework.beans.factory.support.AbstractAutowireCapableBeanFactory.createBean(AbstractAutowireCapableBeanFactory.java:498)
[32msnapanonyme-app_1    |[0m 	at org.springframework.beans.factory.support.AbstractBeanFactory.lambda$doGetBean$0(AbstractBeanFactory.java:320)
[32msnapanonyme-app_1    |[0m 	at org.springframework.beans.factory.support.DefaultSingletonBeanRegistry.getSingleton(DefaultSingletonBeanRegistry.java:222)
[32msnapanonyme-app_1    |[0m 	at org.springframework.beans.factory.support.AbstractBeanFactory.doGetBean(AbstractBeanFactory.java:318)
[32msnapanonyme-app_1    |[0m 	at org.springframework.beans.factory.support.AbstractBeanFactory.getBean(AbstractBeanFactory.java:199)
[32msnapanonyme-app_1    |[0m 	at org.springframework.context.support.AbstractApplicationContext.getBean(AbstractApplicationContext.java:1083)
[32msnapanonyme-app_1    |[0m 	at org.springframework.context.support.AbstractApplicationContext.finishBeanFactoryInitialization(AbstractApplicationContext.java:853)
[32msnapanonyme-app_1    |[0m 	at org.springframework.context.support.AbstractApplicationContext.refresh(AbstractApplicationContext.java:546)
[32msnapanonyme-app_1    |[0m 	at org.springframework.boot.web.servlet.context.ServletWebServerApplicationContext.refresh(ServletWebServerApplicationContext.java:142)
[32msnapanonyme-app_1    |[0m 	at org.springframework.boot.SpringApplication.refresh(SpringApplication.java:775)
[32msnapanonyme-app_1    |[0m 	at org.springframework.boot.SpringApplication.refreshContext(SpringApplication.java:397)
[32msnapanonyme-app_1    |[0m 	at org.springframework.boot.SpringApplication.run(SpringApplication.java:316)
[32msnapanonyme-app_1    |[0m 	at org.springframework.boot.SpringApplication.run(SpringApplication.java:1260)
[32msnapanonyme-app_1    |[0m 	at org.springframework.boot.SpringApplication.run(SpringApplication.java:1248)
[32msnapanonyme-app_1    |[0m 	at com.zerofiltre.snapanonyme.SnapanonymeApplication.main(SnapanonymeApplication.java:13)
[32msnapanonyme-app_1    |[0m 	at sun.reflect.NativeMethodAccessorImpl.invoke0(Native Method)
[32msnapanonyme-app_1    |[0m 	at sun.reflect.NativeMethodAccessorImpl.invoke(NativeMethodAccessorImpl.java:62)
[32msnapanonyme-app_1    |[0m 	at sun.reflect.DelegatingMethodAccessorImpl.invoke(DelegatingMethodAccessorImpl.java:43)
[32msnapanonyme-app_1    |[0m 	at java.lang.reflect.Method.invoke(Method.java:498)
[32msnapanonyme-app_1    |[0m 	at org.springframework.boot.loader.MainMethodRunner.run(MainMethodRunner.java:48)
[32msnapanonyme-app_1    |[0m 	at org.springframework.boot.loader.Launcher.launch(Launcher.java:87)
[32msnapanonyme-app_1    |[0m 	at org.springframework.boot.loader.Launcher.launch(Launcher.java:50)
[32msnapanonyme-app_1    |[0m 	at org.springframework.boot.loader.JarLauncher.main(JarLauncher.java:51)
[32msnapanonyme-app_1    |[0m Caused by: javax.persistence.PersistenceException: [PersistenceUnit: default] Unable to build Hibernate SessionFactory; nested exception is org.hibernate.exception.JDBCConnectionException: Unable to open JDBC Connection for DDL execution
[32msnapanonyme-app_1    |[0m 	at org.springframework.orm.jpa.AbstractEntityManagerFactoryBean.buildNativeEntityManagerFactory(AbstractEntityManagerFactoryBean.java:402)
[32msnapanonyme-app_1    |[0m 	at org.springframework.orm.jpa.AbstractEntityManagerFactoryBean.afterPropertiesSet(AbstractEntityManagerFactoryBean.java:377)
[32msnapanonyme-app_1    |[0m 	at org.springframework.orm.jpa.LocalContainerEntityManagerFactoryBean.afterPropertiesSet(LocalContainerEntityManagerFactoryBean.java:341)
[32msnapanonyme-app_1    |[0m 	at org.springframework.beans.factory.support.AbstractAutowireCapableBeanFactory.invokeInitMethods(AbstractAutowireCapableBeanFactory.java:1804)
[32msnapanonyme-app_1    |[0m 	at org.springframework.beans.factory.support.AbstractAutowireCapableBeanFactory.initializeBean(AbstractAutowireCapableBeanFactory.java:1741)
[32msnapanonyme-app_1    |[0m 	... 24 common frames omitted
[32msnapanonyme-app_1    |[0m Caused by: org.hibernate.exception.JDBCConnectionException: Unable to open JDBC Connection for DDL execution
[32msnapanonyme-app_1    |[0m 	at org.hibernate.exception.internal.SQLStateConversionDelegate.convert(SQLStateConversionDelegate.java:115)
[32msnapanonyme-app_1    |[0m 	at org.hibernate.exception.internal.StandardSQLExceptionConverter.convert(StandardSQLExceptionConverter.java:42)
[32msnapanonyme-app_1    |[0m 	at org.hibernate.engine.jdbc.spi.SqlExceptionHelper.convert(SqlExceptionHelper.java:113)
[32msnapanonyme-app_1    |[0m 	at org.hibernate.engine.jdbc.spi.SqlExceptionHelper.convert(SqlExceptionHelper.java:99)
[32msnapanonyme-app_1    |[0m 	at org.hibernate.resource.transaction.backend.jdbc.internal.DdlTransactionIsolatorNonJtaImpl.getIsolatedConnection(DdlTransactionIsolatorNonJtaImpl.java:69)
[32msnapanonyme-app_1    |[0m 	at org.hibernate.tool.schema.internal.exec.ImprovedExtractionContextImpl.getJdbcConnection(ImprovedExtractionContextImpl.java:60)
[32msnapanonyme-app_1    |[0m 	at org.hibernate.tool.schema.internal.exec.ImprovedExtractionContextImpl.getJdbcDatabaseMetaData(ImprovedExtractionContextImpl.java:67)
[32msnapanonyme-app_1    |[0m 	at org.hibernate.tool.schema.extract.internal.InformationExtractorJdbcDatabaseMetaDataImpl.getTables(InformationExtractorJdbcDatabaseMetaDataImpl.java:329)
[32msnapanonyme-app_1    |[0m 	at org.hibernate.tool.schema.extract.internal.DatabaseInformationImpl.getTablesInformation(DatabaseInformationImpl.java:120)
[32msnapanonyme-app_1    |[0m 	at org.hibernate.tool.schema.internal.GroupedSchemaMigratorImpl.performTablesMigration(GroupedSchemaMigratorImpl.java:65)
[32msnapanonyme-app_1    |[0m 	at org.hibernate.tool.schema.internal.AbstractSchemaMigrator.performMigration(AbstractSchemaMigrator.java:207)
[32msnapanonyme-app_1    |[0m 	at org.hibernate.tool.schema.internal.AbstractSchemaMigrator.doMigration(AbstractSchemaMigrator.java:114)
[32msnapanonyme-app_1    |[0m 	at org.hibernate.tool.schema.spi.SchemaManagementToolCoordinator.performDatabaseAction(SchemaManagementToolCoordinator.java:183)
[32msnapanonyme-app_1    |[0m 	at org.hibernate.tool.schema.spi.SchemaManagementToolCoordinator.process(SchemaManagementToolCoordinator.java:72)
[32msnapanonyme-app_1    |[0m 	at org.hibernate.internal.SessionFactoryImpl.<init>(SessionFactoryImpl.java:310)
[32msnapanonyme-app_1    |[0m 	at org.hibernate.boot.internal.SessionFactoryBuilderImpl.build(SessionFactoryBuilderImpl.java:467)
[32msnapanonyme-app_1    |[0m 	at org.hibernate.jpa.boot.internal.EntityManagerFactoryBuilderImpl.build(EntityManagerFactoryBuilderImpl.java:939)
[32msnapanonyme-app_1    |[0m 	at org.springframework.orm.jpa.vendor.SpringHibernateJpaPersistenceProvider.createContainerEntityManagerFactory(SpringHibernateJpaPersistenceProvider.java:57)
[32msnapanonyme-app_1    |[0m 	at org.springframework.orm.jpa.LocalContainerEntityManagerFactoryBean.createNativeEntityManagerFactory(LocalContainerEntityManagerFactoryBean.java:365)
[32msnapanonyme-app_1    |[0m 	at org.springframework.orm.jpa.AbstractEntityManagerFactoryBean.buildNativeEntityManagerFactory(AbstractEntityManagerFactoryBean.java:390)
[32msnapanonyme-app_1    |[0m 	... 28 common frames omitted
[32msnapanonyme-app_1    |[0m Caused by: com.mysql.cj.jdbc.exceptions.CommunicationsException: Communications link failure
[32msnapanonyme-app_1    |[0m 
[32msnapanonyme-app_1    |[0m The last packet sent successfully to the server was 0 milliseconds ago. The driver has not received any packets from the server.
[32msnapanonyme-app_1    |[0m 	at com.mysql.cj.jdbc.exceptions.SQLError.createCommunicationsException(SQLError.java:174)
[32msnapanonyme-app_1    |[0m 	at com.mysql.cj.jdbc.exceptions.SQLExceptionsMapping.translateException(SQLExceptionsMapping.java:64)
[32msnapanonyme-app_1    |[0m 	at com.mysql.cj.jdbc.ConnectionImpl.createNewIO(ConnectionImpl.java:835)
[32msnapanonyme-app_1    |[0m 	at com.mysql.cj.jdbc.ConnectionImpl.<init>(ConnectionImpl.java:455)
[32msnapanonyme-app_1    |[0m 	at com.mysql.cj.jdbc.ConnectionImpl.getInstance(ConnectionImpl.java:240)
[32msnapanonyme-app_1    |[0m 	at com.mysql.cj.jdbc.NonRegisteringDriver.connect(NonRegisteringDriver.java:207)
[32msnapanonyme-app_1    |[0m 	at com.zaxxer.hikari.util.DriverDataSource.getConnection(DriverDataSource.java:136)
[32msnapanonyme-app_1    |[0m 	at com.zaxxer.hikari.pool.PoolBase.newConnection(PoolBase.java:369)
[32msnapanonyme-app_1    |[0m 	at com.zaxxer.hikari.pool.PoolBase.newPoolEntry(PoolBase.java:198)
[32msnapanonyme-app_1    |[0m 	at com.zaxxer.hikari.pool.HikariPool.createPoolEntry(HikariPool.java:467)
[32msnapanonyme-app_1    |[0m 	at com.zaxxer.hikari.pool.HikariPool.checkFailFast(HikariPool.java:541)
[32msnapanonyme-app_1    |[0m 	at com.zaxxer.hikari.pool.HikariPool.<init>(HikariPool.java:115)
[32msnapanonyme-app_1    |[0m 	at com.zaxxer.hikari.HikariDataSource.getConnection(HikariDataSource.java:112)
[32msnapanonyme-app_1    |[0m 	at org.hibernate.engine.jdbc.connections.internal.DatasourceConnectionProviderImpl.getConnection(DatasourceConnectionProviderImpl.java:122)
[32msnapanonyme-app_1    |[0m 	at org.hibernate.engine.jdbc.env.internal.JdbcEnvironmentInitiator$ConnectionProviderJdbcConnectionAccess.obtainConnection(JdbcEnvironmentInitiator.java:180)
[32msnapanonyme-app_1    |[0m 	at org.hibernate.resource.transaction.backend.jdbc.internal.DdlTransactionIsolatorNonJtaImpl.getIsolatedConnection(DdlTransactionIsolatorNonJtaImpl.java:43)
[32msnapanonyme-app_1    |[0m 	... 43 common frames omitted
[32msnapanonyme-app_1    |[0m Caused by: com.mysql.cj.exceptions.CJCommunicationsException: Communications link failure
[32msnapanonyme-app_1    |[0m 
[32msnapanonyme-app_1    |[0m The last packet sent successfully to the server was 0 milliseconds ago. The driver has not received any packets from the server.
[32msnapanonyme-app_1    |[0m 	at sun.reflect.NativeConstructorAccessorImpl.newInstance0(Native Method)
[32msnapanonyme-app_1    |[0m 	at sun.reflect.NativeConstructorAccessorImpl.newInstance(NativeConstructorAccessorImpl.java:62)
[32msnapanonyme-app_1    |[0m 	at sun.reflect.DelegatingConstructorAccessorImpl.newInstance(DelegatingConstructorAccessorImpl.java:45)
[32msnapanonyme-app_1    |[0m 	at java.lang.reflect.Constructor.newInstance(Constructor.java:423)
[32msnapanonyme-app_1    |[0m 	at com.mysql.cj.exceptions.ExceptionFactory.createException(ExceptionFactory.java:61)
[32msnapanonyme-app_1    |[0m 	at com.mysql.cj.exceptions.ExceptionFactory.createException(ExceptionFactory.java:105)
[32msnapanonyme-app_1    |[0m 	at com.mysql.cj.exceptions.ExceptionFactory.createException(ExceptionFactory.java:151)
[32msnapanonyme-app_1    |[0m 	at com.mysql.cj.exceptions.ExceptionFactory.createCommunicationsException(ExceptionFactory.java:167)
[32msnapanonyme-app_1    |[0m 	at com.mysql.cj.protocol.a.NativeSocketConnection.connect(NativeSocketConnection.java:91)
[32msnapanonyme-app_1    |[0m 	at com.mysql.cj.NativeSession.connect(NativeSession.java:152)
[32msnapanonyme-app_1    |[0m 	at com.mysql.cj.jdbc.ConnectionImpl.connectOneTryOnly(ConnectionImpl.java:955)
[32msnapanonyme-app_1    |[0m 	at com.mysql.cj.jdbc.ConnectionImpl.createNewIO(ConnectionImpl.java:825)
[32msnapanonyme-app_1    |[0m 	... 56 common frames omitted
[32msnapanonyme-app_1    |[0m Caused by: java.net.ConnectException: Connection refused (Connection refused)
[32msnapanonyme-app_1    |[0m 	at java.net.PlainSocketImpl.socketConnect(Native Method)
[32msnapanonyme-app_1    |[0m 	at java.net.AbstractPlainSocketImpl.doConnect(AbstractPlainSocketImpl.java:350)
[32msnapanonyme-app_1    |[0m 	at java.net.AbstractPlainSocketImpl.connectToAddress(AbstractPlainSocketImpl.java:206)
[32msnapanonyme-app_1    |[0m 	at java.net.AbstractPlainSocketImpl.connect(AbstractPlainSocketImpl.java:188)
[32msnapanonyme-app_1    |[0m 	at java.net.SocksSocketImpl.connect(SocksSocketImpl.java:392)
[32msnapanonyme-app_1    |[0m 	at java.net.Socket.connect(Socket.java:589)
[32msnapanonyme-app_1    |[0m 	at com.mysql.cj.protocol.StandardSocketFactory.connect(StandardSocketFactory.java:155)
[32msnapanonyme-app_1    |[0m 	at com.mysql.cj.protocol.a.NativeSocketConnection.connect(NativeSocketConnection.java:65)
[32msnapanonyme-app_1    |[0m 	... 59 common frames omitted
[32msnapanonyme-app_1    |[0m 
[32msnapanonyme_snapanonyme-app_1 exited with code 1
[0m[36msnapanonyme-mysql_1  |[0m 2019-06-20T06:08:04.941362Z 0 [Note] Giving 0 client threads a chance to die gracefully
[36msnapanonyme-mysql_1  |[0m 2019-06-20T06:08:04.942326Z 0 [Note] Shutting down slave threads
[36msnapanonyme-mysql_1  |[0m 2019-06-20T06:08:04.942347Z 0 [Note] Forcefully disconnecting 0 remaining clients
[36msnapanonyme-mysql_1  |[0m 2019-06-20T06:08:04.943062Z 0 [Note] Event Scheduler: Purging the queue. 0 events
[36msnapanonyme-mysql_1  |[0m 2019-06-20T06:08:04.943188Z 0 [Note] Binlog end
[36msnapanonyme-mysql_1  |[0m 2019-06-20T06:08:04.946408Z 0 [Note] Shutting down plugin 'ngram'
[36msnapanonyme-mysql_1  |[0m 2019-06-20T06:08:04.946492Z 0 [Note] Shutting down plugin 'BLACKHOLE'
[36msnapanonyme-mysql_1  |[0m 2019-06-20T06:08:04.946543Z 0 [Note] Shutting down plugin 'partition'
[36msnapanonyme-mysql_1  |[0m 2019-06-20T06:08:04.946583Z 0 [Note] Shutting down plugin 'ARCHIVE'
[36msnapanonyme-mysql_1  |[0m 2019-06-20T06:08:04.946655Z 0 [Note] Shutting down plugin 'INNODB_SYS_VIRTUAL'
[36msnapanonyme-mysql_1  |[0m 2019-06-20T06:08:04.946704Z 0 [Note] Shutting down plugin 'INNODB_SYS_DATAFILES'
[36msnapanonyme-mysql_1  |[0m 2019-06-20T06:08:04.946742Z 0 [Note] Shutting down plugin 'INNODB_SYS_TABLESPACES'
[36msnapanonyme-mysql_1  |[0m 2019-06-20T06:08:04.946779Z 0 [Note] Shutting down plugin 'INNODB_SYS_FOREIGN_COLS'
[36msnapanonyme-mysql_1  |[0m 2019-06-20T06:08:04.946856Z 0 [Note] Shutting down plugin 'INNODB_SYS_FOREIGN'
[36msnapanonyme-mysql_1  |[0m 2019-06-20T06:08:04.946902Z 0 [Note] Shutting down plugin 'INNODB_SYS_FIELDS'
[36msnapanonyme-mysql_1  |[0m 2019-06-20T06:08:04.946938Z 0 [Note] Shutting down plugin 'INNODB_SYS_COLUMNS'
[36msnapanonyme-mysql_1  |[0m 2019-06-20T06:08:04.946995Z 0 [Note] Shutting down plugin 'INNODB_SYS_INDEXES'
[36msnapanonyme-mysql_1  |[0m 2019-06-20T06:08:04.947075Z 0 [Note] Shutting down plugin 'INNODB_SYS_TABLESTATS'
[36msnapanonyme-mysql_1  |[0m 2019-06-20T06:08:04.947115Z 0 [Note] Shutting down plugin 'INNODB_SYS_TABLES'
[36msnapanonyme-mysql_1  |[0m 2019-06-20T06:08:04.947152Z 0 [Note] Shutting down plugin 'INNODB_FT_INDEX_TABLE'
[36msnapanonyme-mysql_1  |[0m 2019-06-20T06:08:04.947209Z 0 [Note] Shutting down plugin 'INNODB_FT_INDEX_CACHE'
[36msnapanonyme-mysql_1  |[0m 2019-06-20T06:08:04.947277Z 0 [Note] Shutting down plugin 'INNODB_FT_CONFIG'
[36msnapanonyme-mysql_1  |[0m 2019-06-20T06:08:04.947316Z 0 [Note] Shutting down plugin 'INNODB_FT_BEING_DELETED'
[36msnapanonyme-mysql_1  |[0m 2019-06-20T06:08:04.947364Z 0 [Note] Shutting down plugin 'INNODB_FT_DELETED'
[36msnapanonyme-mysql_1  |[0m 2019-06-20T06:08:04.947369Z 0 [Note] Shutting down plugin 'INNODB_FT_DEFAULT_STOPWORD'
[36msnapanonyme-mysql_1  |[0m 2019-06-20T06:08:04.947372Z 0 [Note] Shutting down plugin 'INNODB_METRICS'
[36msnapanonyme-mysql_1  |[0m 2019-06-20T06:08:04.947374Z 0 [Note] Shutting down plugin 'INNODB_TEMP_TABLE_INFO'
[36msnapanonyme-mysql_1  |[0m 2019-06-20T06:08:04.947376Z 0 [Note] Shutting down plugin 'INNODB_BUFFER_POOL_STATS'
[36msnapanonyme-mysql_1  |[0m 2019-06-20T06:08:04.947389Z 0 [Note] Shutting down plugin 'INNODB_BUFFER_PAGE_LRU'
[36msnapanonyme-mysql_1  |[0m 2019-06-20T06:08:04.947392Z 0 [Note] Shutting down plugin 'INNODB_BUFFER_PAGE'
[36msnapanonyme-mysql_1  |[0m 2019-06-20T06:08:04.947395Z 0 [Note] Shutting down plugin 'INNODB_CMP_PER_INDEX_RESET'
[36msnapanonyme-mysql_1  |[0m 2019-06-20T06:08:04.947397Z 0 [Note] Shutting down plugin 'INNODB_CMP_PER_INDEX'
[36msnapanonyme-mysql_1  |[0m 2019-06-20T06:08:04.947399Z 0 [Note] Shutting down plugin 'INNODB_CMPMEM_RESET'
[36msnapanonyme-mysql_1  |[0m 2019-06-20T06:08:04.947402Z 0 [Note] Shutting down plugin 'INNODB_CMPMEM'
[36msnapanonyme-mysql_1  |[0m 2019-06-20T06:08:04.947404Z 0 [Note] Shutting down plugin 'INNODB_CMP_RESET'
[36msnapanonyme-mysql_1  |[0m 2019-06-20T06:08:04.947406Z 0 [Note] Shutting down plugin 'INNODB_CMP'
[36msnapanonyme-mysql_1  |[0m 2019-06-20T06:08:04.947409Z 0 [Note] Shutting down plugin 'INNODB_LOCK_WAITS'
[36msnapanonyme-mysql_1  |[0m 2019-06-20T06:08:04.947411Z 0 [Note] Shutting down plugin 'INNODB_LOCKS'
[36msnapanonyme-mysql_1  |[0m 2019-06-20T06:08:04.947413Z 0 [Note] Shutting down plugin 'INNODB_TRX'
[36msnapanonyme-mysql_1  |[0m 2019-06-20T06:08:04.947416Z 0 [Note] Shutting down plugin 'InnoDB'
[36msnapanonyme-mysql_1  |[0m 2019-06-20T06:08:04.947653Z 0 [Note] InnoDB: FTS optimize thread exiting.
[36msnapanonyme-mysql_1  |[0m 2019-06-20T06:08:04.947793Z 0 [Note] InnoDB: Starting shutdown...
[36msnapanonyme-mysql_1  |[0m 2019-06-20T06:08:05.049203Z 0 [Note] InnoDB: Dumping buffer pool(s) to /var/lib/mysql/ib_buffer_pool
[36msnapanonyme-mysql_1  |[0m 2019-06-20T06:08:05.051390Z 0 [Note] InnoDB: Buffer pool(s) dump completed at 190620  6:08:05
[36msnapanonyme-mysql_1  |[0m 2019-06-20T06:08:06.561811Z 0 [Note] InnoDB: Shutdown completed; log sequence number 12156715
[36msnapanonyme-mysql_1  |[0m 2019-06-20T06:08:06.562847Z 0 [Note] InnoDB: Removed temporary tablespace data file: "ibtmp1"
[36msnapanonyme-mysql_1  |[0m 2019-06-20T06:08:06.563115Z 0 [Note] Shutting down plugin 'MRG_MYISAM'
[36msnapanonyme-mysql_1  |[0m 2019-06-20T06:08:06.563361Z 0 [Note] Shutting down plugin 'MyISAM'
[36msnapanonyme-mysql_1  |[0m 2019-06-20T06:08:06.563603Z 0 [Note] Shutting down plugin 'CSV'
[36msnapanonyme-mysql_1  |[0m 2019-06-20T06:08:06.563835Z 0 [Note] Shutting down plugin 'MEMORY'
[36msnapanonyme-mysql_1  |[0m 2019-06-20T06:08:06.564068Z 0 [Note] Shutting down plugin 'PERFORMANCE_SCHEMA'
[36msnapanonyme-mysql_1  |[0m 2019-06-20T06:08:06.564316Z 0 [Note] Shutting down plugin 'sha256_password'
[36msnapanonyme-mysql_1  |[0m 2019-06-20T06:08:06.564557Z 0 [Note] Shutting down plugin 'mysql_native_password'
[36msnapanonyme-mysql_1  |[0m 2019-06-20T06:08:06.564943Z 0 [Note] Shutting down plugin 'binlog'
[36msnapanonyme-mysql_1  |[0m 2019-06-20T06:08:06.566311Z 0 [Note] mysqld: Shutdown complete
[36msnapanonyme-mysql_1  |[0m 
[36msnapanonyme_snapanonyme-mysql_1 exited with code 0
[0m