2019-05-14 10:07:08,842 INFO org.springframework.boot.StartupInfoLogger [main] Starting SnapanonymeApplicationTests on DESKTOP-VN3MGF5 with PID 15428 (started by philippe in C:\Users\philippe\Downloads\zerofiltre - les services tech\DORANCO\snapanonyme)
2019-05-14 10:07:08,842 DEBUG org.springframework.boot.StartupInfoLogger [main] Running with Spring Boot v2.1.2.RELEASE, Spring v5.1.4.RELEASE
2019-05-14 10:07:08,842 INFO org.springframework.boot.SpringApplication [main] The following profiles are active: test
2019-05-14 10:07:28,255 INFO org.springframework.boot.StartupInfoLogger [main] Started SnapanonymeApplicationTests in 21.445 seconds (JVM running for 24.659)
2019-05-14 10:07:28,567 INFO org.springframework.boot.StartupInfoLogger [main] Starting CreateSnapIntTests on DESKTOP-VN3MGF5 with PID 15428 (started by philippe in C:\Users\philippe\Downloads\zerofiltre - les services tech\DORANCO\snapanonyme)
2019-05-14 10:07:28,567 DEBUG org.springframework.boot.StartupInfoLogger [main] Running with Spring Boot v2.1.2.RELEASE, Spring v5.1.4.RELEASE
2019-05-14 10:07:28,567 INFO org.springframework.boot.SpringApplication [main] The following profiles are active: test
2019-05-14 10:07:33,725 INFO org.springframework.boot.StartupInfoLogger [main] Started CreateSnapIntTests in 5.236 seconds (JVM running for 30.131)
2019-05-14 10:07:38,742 DEBUG com.zerofiltre.snapanonyme.presentation.snaps.GetSnapIntTest [main] Start Setting up the tests
2019-05-14 10:07:38,758 DEBUG com.zerofiltre.snapanonyme.presentation.snaps.GetSnapIntTest [main] End Setting up the tests
2019-05-14 10:07:39,195 DEBUG com.zerofiltre.snapanonyme.presentation.snaps.GetSnapIntTest [main] Start Setting up the tests
2019-05-14 10:07:39,211 DEBUG com.zerofiltre.snapanonyme.presentation.snaps.GetSnapIntTest [main] End Setting up the tests
2019-05-14 10:07:39,727 INFO org.springframework.boot.StartupInfoLogger [main] Starting CreateArticleTest on DESKTOP-VN3MGF5 with PID 15428 (started by philippe in C:\Users\philippe\Downloads\zerofiltre - les services tech\DORANCO\snapanonyme)
2019-05-14 10:07:39,727 DEBUG org.springframework.boot.StartupInfoLogger [main] Running with Spring Boot v2.1.2.RELEASE, Spring v5.1.4.RELEASE
2019-05-14 10:07:39,727 INFO org.springframework.boot.SpringApplication [main] The following profiles are active: test
2019-05-14 10:07:44,838 INFO org.springframework.boot.StartupInfoLogger [main] Started CreateArticleTest in 5.205 seconds (JVM running for 41.239)
2019-05-14 16:08:13,203 INFO org.springframework.boot.StartupInfoLogger [restartedMain] Starting SnapanonymeApplication on DESKTOP-VN3MGF5 with PID 24948 (started by philippe in C:\Users\philippe\Downloads\zerofiltre - les services tech\DORANCO\snapanonyme)
2019-05-14 16:08:13,203 DEBUG org.springframework.boot.StartupInfoLogger [restartedMain] Running with Spring Boot v2.1.2.RELEASE, Spring v5.1.4.RELEASE
2019-05-14 16:08:13,203 INFO org.springframework.boot.SpringApplication [restartedMain] The following profiles are active: dev
2019-05-14 16:21:07,725 INFO org.springframework.boot.StartupInfoLogger [restartedMain] Starting SnapanonymeApplication on DESKTOP-VN3MGF5 with PID 25028 (started by philippe in C:\Users\philippe\Downloads\zerofiltre - les services tech\DORANCO\snapanonyme)
2019-05-14 16:21:07,725 DEBUG org.springframework.boot.StartupInfoLogger [restartedMain] Running with Spring Boot v2.1.2.RELEASE, Spring v5.1.4.RELEASE
2019-05-14 16:21:07,725 INFO org.springframework.boot.SpringApplication [restartedMain] The following profiles are active: dev
2019-05-14 16:51:44,188 INFO org.springframework.boot.StartupInfoLogger [restartedMain] Starting SnapanonymeApplication on DESKTOP-VN3MGF5 with PID 23020 (started by philippe in C:\Users\philippe\Downloads\zerofiltre - les services tech\DORANCO\snapanonyme)
2019-05-14 16:51:44,203 DEBUG org.springframework.boot.StartupInfoLogger [restartedMain] Running with Spring Boot v2.1.2.RELEASE, Spring v5.1.4.RELEASE
2019-05-14 16:51:44,203 INFO org.springframework.boot.SpringApplication [restartedMain] The following profiles are active: dev
2019-05-14 16:55:35,252 INFO org.springframework.boot.StartupInfoLogger [restartedMain] Starting SnapanonymeApplication on DESKTOP-VN3MGF5 with PID 14472 (started by philippe in C:\Users\philippe\Downloads\zerofiltre - les services tech\DORANCO\snapanonyme)
2019-05-14 16:55:35,268 DEBUG org.springframework.boot.StartupInfoLogger [restartedMain] Running with Spring Boot v2.1.2.RELEASE, Spring v5.1.4.RELEASE
2019-05-14 16:55:35,268 INFO org.springframework.boot.SpringApplication [restartedMain] The following profiles are active: dev
2019-05-14 16:56:46,567 INFO org.springframework.boot.StartupInfoLogger [restartedMain] Starting SnapanonymeApplication on DESKTOP-VN3MGF5 with PID 16604 (started by philippe in C:\Users\philippe\Downloads\zerofiltre - les services tech\DORANCO\snapanonyme)
2019-05-14 16:56:46,583 DEBUG org.springframework.boot.StartupInfoLogger [restartedMain] Running with Spring Boot v2.1.2.RELEASE, Spring v5.1.4.RELEASE
2019-05-14 16:56:46,583 INFO org.springframework.boot.SpringApplication [restartedMain] The following profiles are active: dev
